{"numTotalTestSuites":106,"numPassedTestSuites":102,"numFailedTestSuites":4,"numPendingTestSuites":0,"numTotalTests":227,"numPassedTests":225,"numFailedTests":2,"numPendingTests":0,"numTodoTests":0,"snapshot":{"added":0,"failure":false,"filesAdded":0,"filesRemoved":0,"filesRemovedList":[],"filesUnmatched":0,"filesUpdated":0,"matched":0,"total":0,"unchecked":0,"uncheckedKeysByFile":[],"unmatched":0,"updated":0,"didUpdate":false},"startTime":1788489275760,"success":false,"testResults":[{"assertionResults":[{"ancestorTitles":["fixtures: workflow-definition schema validity"],"fullName":"fixtures: workflow-definition schema validity finds at least one fixture file","status":"passed","title":"finds at least one fixture file","duration":1.3528340000000298,"failureMessages":[],"meta":{},"tags":[]},{"ancestorTitles":["fixtures: workflow-definition schema validity"],"fullName":"fixtures: workflow-definition schema validity conformance-a2a-task-roundtrip.json validates against workflow-definition.schema.json","status":"passed","title":"conformance-a2a-task-roundtrip.json validates against workflow-definition.schema.json","duration":3.50324999999998,"failureMessages":[],"meta":{},"tags":[]},{"ancestorTitles":["fixtures: workflow-definition schema validity"],"fullName":"fixtures: workflow-definition schema validity conformance-agent-channel-dispatch.json validates against workflow-definition.schema.json","status":"passed","title":"conformance-agent-channel-dispatch.json validates against workflow-definition.schema.json","duration":0.41229100000009566,"failureMessages":[],"meta":{},"tags":[]},{"ancestorTitles":["fixtures: workflow-definition schema validity"],"fullName":"fixtures: workflow-definition schema validity conformance-agent-identity.json validates against workflow-definition.schema.json","status":"passed","title":"conformance-agent-identity.json validates against workflow-definition.schema.json","duration":2.7179579999999532,"failureMessages":[],"meta":{},"tags":[]},{"ancestorTitles":["fixtures: workflow-definition schema validity"],"fullName":"fixtures: workflow-definition schema validity conformance-agent-low-confidence.json validates against workflow-definition.schema.json","status":"passed","title":"conformance-agent-low-confidence.json validates against workflow-definition.schema.json","duration":0.8729580000000396,"failureMessages":[],"meta":{},"tags":[]},{"ancestorTitles":["fixtures: workflow-definition schema validity"],"fullName":"fixtures: workflow-definition schema validity conformance-agent-memory-cross-tenant.json validates against workflow-definition.schema.json","status":"passed","title":"conformance-agent-memory-cross-tenant.json validates against workflow-definition.schema.json","duration":27.683458000000087,"failureMessages":[],"meta":{},"tags":[]},{"ancestorTitles":["fixtures: workflow-definition schema validity"],"fullName":"fixtures: workflow-definition schema validity conformance-agent-memory-injection-budget.json validates against workflow-definition.schema.json","status":"passed","title":"conformance-agent-memory-injection-budget.json validates against workflow-definition.schema.json","duration":5.540124999999989,"failureMessages":[],"meta":{},"tags":[]},{"ancestorTitles":["fixtures: workflow-definition schema validity"],"fullName":"fixtures: workflow-definition schema validity conformance-agent-memory-redaction.json validates against workflow-definition.schema.json","status":"passed","title":"conformance-agent-memory-redaction.json validates against workflow-definition.schema.json","duration":1.1168330000000424,"failureMessages":[],"meta":{},"tags":[]},{"ancestorTitles":["fixtures: workflow-definition schema validity"],"fullName":"fixtures: workflow-definition schema validity conformance-agent-memory-roundtrip.json validates against workflow-definition.schema.json","status":"passed","title":"conformance-agent-memory-roundtrip.json validates against workflow-definition.schema.json","duration":1.4597079999999778,"failureMessages":[],"meta":{},"tags":[]},{"ancestorTitles":["fixtures: workflow-definition schema validity"],"fullName":"fixtures: workflow-definition schema validity conformance-agent-memory-ttl.json validates against workflow-definition.schema.json","status":"passed","title":"conformance-agent-memory-ttl.json validates against workflow-definition.schema.json","duration":0.533292000000074,"failureMessages":[],"meta":{},"tags":[]},{"ancestorTitles":["fixtures: workflow-definition schema validity"],"fullName":"fixtures: workflow-definition schema validity conformance-agent-pack-export.json validates against workflow-definition.schema.json","status":"passed","title":"conformance-agent-pack-export.json validates against workflow-definition.schema.json","duration":0.19791699999996126,"failureMessages":[],"meta":{},"tags":[]},{"ancestorTitles":["fixtures: workflow-definition schema validity"],"fullName":"fixtures: workflow-definition schema validity conformance-agent-pack-handoff-schema-validation.json validates against workflow-definition.schema.json","status":"passed","title":"conformance-agent-pack-handoff-schema-validation.json validates against workflow-definition.schema.json","duration":0.28937499999995,"failureMessages":[],"meta":{},"tags":[]},{"ancestorTitles":["fixtures: workflow-definition schema validity"],"fullName":"fixtures: workflow-definition schema validity conformance-agent-pack-install.json validates against workflow-definition.schema.json","status":"passed","title":"conformance-agent-pack-install.json validates against workflow-definition.schema.json","duration":0.6681669999999258,"failureMessages":[],"meta":{},"tags":[]},{"ancestorTitles":["fixtures: workflow-definition schema validity"],"fullName":"fixtures: workflow-definition schema validity conformance-agent-pack-provenance.json validates against workflow-definition.schema.json","status":"passed","title":"conformance-agent-pack-provenance.json validates against workflow-definition.schema.json","duration":0.5877499999999145,"failureMessages":[],"meta":{},"tags":[]},{"ancestorTitles":["fixtures: workflow-definition schema validity"],"fullName":"fixtures: workflow-definition schema validity conformance-agent-reasoning-streaming.json validates against workflow-definition.schema.json","status":"passed","title":"conformance-agent-reasoning-streaming.json validates against workflow-definition.schema.json","duration":0.6807079999999814,"failureMessages":[],"meta":{},"tags":[]},{"ancestorTitles":["fixtures: workflow-definition schema validity"],"fullName":"fixtures: workflow-definition schema validity conformance-agent-reasoning.json validates against workflow-definition.schema.json","status":"passed","title":"conformance-agent-reasoning.json validates against workflow-definition.schema.json","duration":0.8158339999999953,"failureMessages":[],"meta":{},"tags":[]},{"ancestorTitles":["fixtures: workflow-definition schema validity"],"fullName":"fixtures: workflow-definition schema validity conformance-approval.json validates against workflow-definition.schema.json","status":"passed","title":"conformance-approval.json validates against workflow-definition.schema.json","duration":0.6385000000000218,"failureMessages":[],"meta":{},"tags":[]},{"ancestorTitles":["fixtures: workflow-definition schema validity"],"fullName":"fixtures: workflow-definition schema validity conformance-cancellable.json validates against workflow-definition.schema.json","status":"passed","title":"conformance-cancellable.json validates against workflow-definition.schema.json","duration":0.620584000000008,"failureMessages":[],"meta":{},"tags":[]},{"ancestorTitles":["fixtures: workflow-definition schema validity"],"fullName":"fixtures: workflow-definition schema validity conformance-cap-breach.json validates against workflow-definition.schema.json","status":"passed","title":"conformance-cap-breach.json validates against workflow-definition.schema.json","duration":1.5313330000000178,"failureMessages":[],"meta":{},"tags":[]},{"ancestorTitles":["fixtures: workflow-definition schema validity"],"fullName":"fixtures: workflow-definition schema validity conformance-capability-missing.json validates against workflow-definition.schema.json","status":"passed","title":"conformance-capability-missing.json validates against workflow-definition.schema.json","duration":0.4749580000000151,"failureMessages":[],"meta":{},"tags":[]},{"ancestorTitles":["fixtures: workflow-definition schema validity"],"fullName":"fixtures: workflow-definition schema validity conformance-channel-ttl.json validates against workflow-definition.schema.json","status":"passed","title":"conformance-channel-ttl.json validates against workflow-definition.schema.json","duration":0.34104100000001836,"failureMessages":[],"meta":{},"tags":[]},{"ancestorTitles":["fixtures: workflow-definition schema validity"],"fullName":"fixtures: workflow-definition schema validity conformance-clarification.json validates against workflow-definition.schema.json","status":"passed","title":"conformance-clarification.json validates against workflow-definition.schema.json","duration":0.14345800000000963,"failureMessages":[],"meta":{},"tags":[]},{"ancestorTitles":["fixtures: workflow-definition schema validity"],"fullName":"fixtures: workflow-definition schema validity conformance-configurable-schema.json validates against workflow-definition.schema.json","status":"passed","title":"conformance-configurable-schema.json validates against workflow-definition.schema.json","duration":0.1576669999999467,"failureMessages":[],"meta":{},"tags":[]},{"ancestorTitles":["fixtures: workflow-definition schema validity"],"fullName":"fixtures: workflow-definition schema validity conformance-context-budget-multiturn.json validates against workflow-definition.schema.json","status":"passed","title":"conformance-context-budget-multiturn.json validates against workflow-definition.schema.json","duration":0.15537499999993543,"failureMessages":[],"meta":{},"tags":[]},{"ancestorTitles":["fixtures: workflow-definition schema validity"],"fullName":"fixtures: workflow-definition schema validity conformance-conversation-capability-negotiation.json validates against workflow-definition.schema.json","status":"passed","title":"conformance-conversation-capability-negotiation.json validates against workflow-definition.schema.json","duration":0.11845900000002985,"failureMessages":[],"meta":{},"tags":[]},{"ancestorTitles":["fixtures: workflow-definition schema validity"],"fullName":"fixtures: workflow-definition schema validity conformance-conversation-lifecycle.json validates against workflow-definition.schema.json","status":"passed","title":"conformance-conversation-lifecycle.json validates against workflow-definition.schema.json","duration":0.44499999999993634,"failureMessages":[],"meta":{},"tags":[]},{"ancestorTitles":["fixtures: workflow-definition schema validity"],"fullName":"fixtures: workflow-definition schema validity conformance-conversation-replay.json validates against workflow-definition.schema.json","status":"passed","title":"conformance-conversation-replay.json validates against workflow-definition.schema.json","duration":4.44054200000005,"failureMessages":[],"meta":{},"tags":[]},{"ancestorTitles":["fixtures: workflow-definition schema validity"],"fullName":"fixtures: workflow-definition schema validity conformance-conversation-vs-clarification.json validates against workflow-definition.schema.json","status":"passed","title":"conformance-conversation-vs-clarification.json validates against workflow-definition.schema.json","duration":0.8768330000000333,"failureMessages":[],"meta":{},"tags":[]},{"ancestorTitles":["fixtures: workflow-definition schema validity"],"fullName":"fixtures: workflow-definition schema validity conformance-delay.json validates against workflow-definition.schema.json","status":"passed","title":"conformance-delay.json validates against workflow-definition.schema.json","duration":0.43933400000003076,"failureMessages":[],"meta":{},"tags":[]},{"ancestorTitles":["fixtures: workflow-definition schema validity"],"fullName":"fixtures: workflow-definition schema validity conformance-dispatch-cancellable-child.json validates against workflow-definition.schema.json","status":"passed","title":"conformance-dispatch-cancellable-child.json validates against workflow-definition.schema.json","duration":0.6585410000000138,"failureMessages":[],"meta":{},"tags":[]},{"ancestorTitles":["fixtures: workflow-definition schema validity"],"fullName":"fixtures: workflow-definition schema validity conformance-dispatch-cross-worker-handoff-child-a.json validates against workflow-definition.schema.json","status":"passed","title":"conformance-dispatch-cross-worker-handoff-child-a.json validates against workflow-definition.schema.json","duration":2.6714580000000296,"failureMessages":[],"meta":{},"tags":[]},{"ancestorTitles":["fixtures: workflow-definition schema validity"],"fullName":"fixtures: workflow-definition schema validity conformance-dispatch-cross-worker-handoff-child-b.json validates against workflow-definition.schema.json","status":"passed","title":"conformance-dispatch-cross-worker-handoff-child-b.json validates against workflow-definition.schema.json","duration":0.30445800000006784,"failureMessages":[],"meta":{},"tags":[]},{"ancestorTitles":["fixtures: workflow-definition schema validity"],"fullName":"fixtures: workflow-definition schema validity conformance-dispatch-cross-worker-handoff.json validates against workflow-definition.schema.json","status":"passed","title":"conformance-dispatch-cross-worker-handoff.json validates against workflow-definition.schema.json","duration":0.1873329999999669,"failureMessages":[],"meta":{},"tags":[]},{"ancestorTitles":["fixtures: workflow-definition schema validity"],"fullName":"fixtures: workflow-definition schema validity conformance-dispatch-deterministic-fail-child.json validates against workflow-definition.schema.json","status":"passed","title":"conformance-dispatch-deterministic-fail-child.json validates against workflow-definition.schema.json","duration":0.13037500000007185,"failureMessages":[],"meta":{},"tags":[]},{"ancestorTitles":["fixtures: workflow-definition schema validity"],"fullName":"fixtures: workflow-definition schema validity conformance-dispatch-input-mapping-child.json validates against workflow-definition.schema.json","status":"passed","title":"conformance-dispatch-input-mapping-child.json validates against workflow-definition.schema.json","duration":0.12279200000000401,"failureMessages":[],"meta":{},"tags":[]},{"ancestorTitles":["fixtures: workflow-definition schema validity"],"fullName":"fixtures: workflow-definition schema validity conformance-dispatch-input-mapping-no-default.json validates against workflow-definition.schema.json","status":"passed","title":"conformance-dispatch-input-mapping-no-default.json validates against workflow-definition.schema.json","duration":0.13774999999998272,"failureMessages":[],"meta":{},"tags":[]},{"ancestorTitles":["fixtures: workflow-definition schema validity"],"fullName":"fixtures: workflow-definition schema validity conformance-dispatch-input-mapping.json validates against workflow-definition.schema.json","status":"passed","title":"conformance-dispatch-input-mapping.json validates against workflow-definition.schema.json","duration":0.12062500000001819,"failureMessages":[],"meta":{},"tags":[]},{"ancestorTitles":["fixtures: workflow-definition schema validity"],"fullName":"fixtures: workflow-definition schema validity conformance-dispatch-loop.json validates against workflow-definition.schema.json","status":"passed","title":"conformance-dispatch-loop.json validates against workflow-definition.schema.json","duration":0.12108299999999872,"failureMessages":[],"meta":{},"tags":[]},{"ancestorTitles":["fixtures: workflow-definition schema validity"],"fullName":"fixtures: workflow-definition schema validity conformance-dispatch-output-mapping-child.json validates against workflow-definition.schema.json","status":"passed","title":"conformance-dispatch-output-mapping-child.json validates against workflow-definition.schema.json","duration":0.10599999999999454,"failureMessages":[],"meta":{},"tags":[]},{"ancestorTitles":["fixtures: workflow-definition schema validity"],"fullName":"fixtures: workflow-definition schema validity conformance-dispatch-output-mapping.json validates against workflow-definition.schema.json","status":"passed","title":"conformance-dispatch-output-mapping.json validates against workflow-definition.schema.json","duration":0.11620899999991252,"failureMessages":[],"meta":{},"tags":[]},{"ancestorTitles":["fixtures: workflow-definition schema validity"],"fullName":"fixtures: workflow-definition schema validity conformance-dispatch-per-worker-override.json validates against workflow-definition.schema.json","status":"passed","title":"conformance-dispatch-per-worker-override.json validates against workflow-definition.schema.json","duration":0.12945799999999963,"failureMessages":[],"meta":{},"tags":[]},{"ancestorTitles":["fixtures: workflow-definition schema validity"],"fullName":"fixtures: workflow-definition schema validity conformance-envelope-nl-to-format-engaged.json validates against workflow-definition.schema.json","status":"passed","title":"conformance-envelope-nl-to-format-engaged.json validates against workflow-definition.schema.json","duration":0.15174999999999272,"failureMessages":[],"meta":{},"tags":[]},{"ancestorTitles":["fixtures: workflow-definition schema validity"],"fullName":"fixtures: workflow-definition schema validity conformance-envelope-recovery-applied.json validates against workflow-definition.schema.json","status":"passed","title":"conformance-envelope-recovery-applied.json validates against workflow-definition.schema.json","duration":0.1209999999999809,"failureMessages":[],"meta":{},"tags":[]},{"ancestorTitles":["fixtures: workflow-definition schema validity"],"fullName":"fixtures: workflow-definition schema validity conformance-envelope-refusal.json validates against workflow-definition.schema.json","status":"passed","title":"conformance-envelope-refusal.json validates against workflow-definition.schema.json","duration":0.11612499999989723,"failureMessages":[],"meta":{},"tags":[]},{"ancestorTitles":["fixtures: workflow-definition schema validity"],"fullName":"fixtures: workflow-definition schema validity conformance-envelope-retry-attempted.json validates against workflow-definition.schema.json","status":"passed","title":"conformance-envelope-retry-attempted.json validates against workflow-definition.schema.json","duration":0.11104100000000017,"failureMessages":[],"meta":{},"tags":[]},{"ancestorTitles":["fixtures: workflow-definition schema validity"],"fullName":"fixtures: workflow-definition schema validity conformance-envelope-retry-exhausted.json validates against workflow-definition.schema.json","status":"passed","title":"conformance-envelope-retry-exhausted.json validates against workflow-definition.schema.json","duration":0.15791699999999764,"failureMessages":[],"meta":{},"tags":[]},{"ancestorTitles":["fixtures: workflow-definition schema validity"],"fullName":"fixtures: workflow-definition schema validity conformance-envelope-truncated.json validates against workflow-definition.schema.json","status":"passed","title":"conformance-envelope-truncated.json validates against workflow-definition.schema.json","duration":0.11074999999993906,"failureMessages":[],"meta":{},"tags":[]},{"ancestorTitles":["fixtures: workflow-definition schema validity"],"fullName":"fixtures: workflow-definition schema validity conformance-envelope-truncation-cap-exhaustion.json validates against workflow-definition.schema.json","status":"passed","title":"conformance-envelope-truncation-cap-exhaustion.json validates against workflow-definition.schema.json","duration":0.10766599999999471,"failureMessages":[],"meta":{},"tags":[]},{"ancestorTitles":["fixtures: workflow-definition schema validity"],"fullName":"fixtures: workflow-definition schema validity conformance-failure.json validates against workflow-definition.schema.json","status":"passed","title":"conformance-failure.json validates against workflow-definition.schema.json","duration":0.10162500000001273,"failureMessages":[],"meta":{},"tags":[]},{"ancestorTitles":["fixtures: workflow-definition schema validity"],"fullName":"fixtures: workflow-definition schema validity conformance-idempotent.json validates against workflow-definition.schema.json","status":"passed","title":"conformance-idempotent.json validates against workflow-definition.schema.json","duration":0.11412500000005821,"failureMessages":[],"meta":{},"tags":[]},{"ancestorTitles":["fixtures: workflow-definition schema validity"],"fullName":"fixtures: workflow-definition schema validity conformance-identity.json validates against workflow-definition.schema.json","status":"passed","title":"conformance-identity.json validates against workflow-definition.schema.json","duration":0.10504200000002584,"failureMessages":[],"meta":{},"tags":[]},{"ancestorTitles":["fixtures: workflow-definition schema validity"],"fullName":"fixtures: workflow-definition schema validity conformance-interrupt-auth-required.json validates against workflow-definition.schema.json","status":"passed","title":"conformance-interrupt-auth-required.json validates against workflow-definition.schema.json","duration":0.10262500000010277,"failureMessages":[],"meta":{},"tags":[]},{"ancestorTitles":["fixtures: workflow-definition schema validity"],"fullName":"fixtures: workflow-definition schema validity conformance-interrupt-external-event.json validates against workflow-definition.schema.json","status":"passed","title":"conformance-interrupt-external-event.json validates against workflow-definition.schema.json","duration":0.17995800000005602,"failureMessages":[],"meta":{},"tags":[]},{"ancestorTitles":["fixtures: workflow-definition schema validity"],"fullName":"fixtures: workflow-definition schema validity conformance-interrupt-parent-child-cancel-child.json validates against workflow-definition.schema.json","status":"passed","title":"conformance-interrupt-parent-child-cancel-child.json validates against workflow-definition.schema.json","duration":0.11629200000004403,"failureMessages":[],"meta":{},"tags":[]},{"ancestorTitles":["fixtures: workflow-definition schema validity"],"fullName":"fixtures: workflow-definition schema validity conformance-interrupt-parent-child-cancel.json validates against workflow-definition.schema.json","status":"passed","title":"conformance-interrupt-parent-child-cancel.json validates against workflow-definition.schema.json","duration":0.09883400000001075,"failureMessages":[],"meta":{},"tags":[]},{"ancestorTitles":["fixtures: workflow-definition schema validity"],"fullName":"fixtures: workflow-definition schema validity conformance-interrupt-quorum.json validates against workflow-definition.schema.json","status":"passed","title":"conformance-interrupt-quorum.json validates against workflow-definition.schema.json","duration":0.10933299999999235,"failureMessages":[],"meta":{},"tags":[]},{"ancestorTitles":["fixtures: workflow-definition schema validity"],"fullName":"fixtures: workflow-definition schema validity conformance-mcp-tool-roundtrip.json validates against workflow-definition.schema.json","status":"passed","title":"conformance-mcp-tool-roundtrip.json validates against workflow-definition.schema.json","duration":0.10466699999994944,"failureMessages":[],"meta":{},"tags":[]},{"ancestorTitles":["fixtures: workflow-definition schema validity"],"fullName":"fixtures: workflow-definition schema validity conformance-message-reducer.json validates against workflow-definition.schema.json","status":"passed","title":"conformance-message-reducer.json validates against workflow-definition.schema.json","duration":0.11554200000000492,"failureMessages":[],"meta":{},"tags":[]},{"ancestorTitles":["fixtures: workflow-definition schema validity"],"fullName":"fixtures: workflow-definition schema validity conformance-model-capability-insufficient.json validates against workflow-definition.schema.json","status":"passed","title":"conformance-model-capability-insufficient.json validates against workflow-definition.schema.json","duration":0.10495900000000802,"failureMessages":[],"meta":{},"tags":[]},{"ancestorTitles":["fixtures: workflow-definition schema validity"],"fullName":"fixtures: workflow-definition schema validity conformance-multi-agent-confidence-escalation.json validates against workflow-definition.schema.json","status":"passed","title":"conformance-multi-agent-confidence-escalation.json validates against workflow-definition.schema.json","duration":0.11750000000006366,"failureMessages":[],"meta":{},"tags":[]},{"ancestorTitles":["fixtures: workflow-definition schema validity"],"fullName":"fixtures: workflow-definition schema validity conformance-multi-agent-handoff-child.json validates against workflow-definition.schema.json","status":"passed","title":"conformance-multi-agent-handoff-child.json validates against workflow-definition.schema.json","duration":0.09604200000001129,"failureMessages":[],"meta":{},"tags":[]},{"ancestorTitles":["fixtures: workflow-definition schema validity"],"fullName":"fixtures: workflow-definition schema validity conformance-multi-agent-handoff.json validates against workflow-definition.schema.json","status":"passed","title":"conformance-multi-agent-handoff.json validates against workflow-definition.schema.json","duration":0.10500000000001819,"failureMessages":[],"meta":{},"tags":[]},{"ancestorTitles":["fixtures: workflow-definition schema validity"],"fullName":"fixtures: workflow-definition schema validity conformance-multi-node.json validates against workflow-definition.schema.json","status":"passed","title":"conformance-multi-node.json validates against workflow-definition.schema.json","duration":0.10241600000006201,"failureMessages":[],"meta":{},"tags":[]},{"ancestorTitles":["fixtures: workflow-definition schema validity"],"fullName":"fixtures: workflow-definition schema validity conformance-noop.json validates against workflow-definition.schema.json","status":"passed","title":"conformance-noop.json validates against workflow-definition.schema.json","duration":0.09420799999998053,"failureMessages":[],"meta":{},"tags":[]},{"ancestorTitles":["fixtures: workflow-definition schema validity"],"fullName":"fixtures: workflow-definition schema validity conformance-orchestrator-dispatch.json validates against workflow-definition.schema.json","status":"passed","title":"conformance-orchestrator-dispatch.json validates against workflow-definition.schema.json","duration":0.25950000000000273,"failureMessages":[],"meta":{},"tags":[]},{"ancestorTitles":["fixtures: workflow-definition schema validity"],"fullName":"fixtures: workflow-definition schema validity conformance-orchestrator-low-confidence.json validates against workflow-definition.schema.json","status":"passed","title":"conformance-orchestrator-low-confidence.json validates against workflow-definition.schema.json","duration":0.1752079999999978,"failureMessages":[],"meta":{},"tags":[]},{"ancestorTitles":["fixtures: workflow-definition schema validity"],"fullName":"fixtures: workflow-definition schema validity conformance-orchestrator-terminate.json validates against workflow-definition.schema.json","status":"passed","title":"conformance-orchestrator-terminate.json validates against workflow-definition.schema.json","duration":0.13395900000000438,"failureMessages":[],"meta":{},"tags":[]},{"ancestorTitles":["fixtures: workflow-definition schema validity"],"fullName":"fixtures: workflow-definition schema validity conformance-phase4-nondet-tool.json validates against workflow-definition.schema.json","status":"passed","title":"conformance-phase4-nondet-tool.json validates against workflow-definition.schema.json","duration":0.141666999999984,"failureMessages":[],"meta":{},"tags":[]},{"ancestorTitles":["fixtures: workflow-definition schema validity"],"fullName":"fixtures: workflow-definition schema validity conformance-phase4-replay-divergence.json validates against workflow-definition.schema.json","status":"passed","title":"conformance-phase4-replay-divergence.json validates against workflow-definition.schema.json","duration":0.12170900000000984,"failureMessages":[],"meta":{},"tags":[]},{"ancestorTitles":["fixtures: workflow-definition schema validity"],"fullName":"fixtures: workflow-definition schema validity conformance-prompt-all-four-kinds.json validates against workflow-definition.schema.json","status":"passed","title":"conformance-prompt-all-four-kinds.json validates against workflow-definition.schema.json","duration":0.12666699999999764,"failureMessages":[],"meta":{},"tags":[]},{"ancestorTitles":["fixtures: workflow-definition schema validity"],"fullName":"fixtures: workflow-definition schema validity conformance-prompt-end-to-end.json validates against workflow-definition.schema.json","status":"passed","title":"conformance-prompt-end-to-end.json validates against workflow-definition.schema.json","duration":0.2578330000000051,"failureMessages":[],"meta":{},"tags":[]},{"ancestorTitles":["fixtures: workflow-definition schema validity"],"fullName":"fixtures: workflow-definition schema validity conformance-replay-side-effect.json validates against workflow-definition.schema.json","status":"passed","title":"conformance-replay-side-effect.json validates against workflow-definition.schema.json","duration":0.17362500000001546,"failureMessages":[],"meta":{},"tags":[]},{"ancestorTitles":["fixtures: workflow-definition schema validity"],"fullName":"fixtures: workflow-definition schema validity conformance-run-duration-breach.json validates against workflow-definition.schema.json","status":"passed","title":"conformance-run-duration-breach.json validates against workflow-definition.schema.json","duration":0.1375829999999496,"failureMessages":[],"meta":{},"tags":[]},{"ancestorTitles":["fixtures: workflow-definition schema validity"],"fullName":"fixtures: workflow-definition schema validity conformance-stream-text.json validates against workflow-definition.schema.json","status":"passed","title":"conformance-stream-text.json validates against workflow-definition.schema.json","duration":0.15854200000001129,"failureMessages":[],"meta":{},"tags":[]},{"ancestorTitles":["fixtures: workflow-definition schema validity"],"fullName":"fixtures: workflow-definition schema validity conformance-subworkflow-child.json validates against workflow-definition.schema.json","status":"passed","title":"conformance-subworkflow-child.json validates against workflow-definition.schema.json","duration":0.1193749999999909,"failureMessages":[],"meta":{},"tags":[]},{"ancestorTitles":["fixtures: workflow-definition schema validity"],"fullName":"fixtures: workflow-definition schema validity conformance-subworkflow-input-mapping-child.json validates against workflow-definition.schema.json","status":"passed","title":"conformance-subworkflow-input-mapping-child.json validates against workflow-definition.schema.json","duration":0.1113749999999527,"failureMessages":[],"meta":{},"tags":[]},{"ancestorTitles":["fixtures: workflow-definition schema validity"],"fullName":"fixtures: workflow-definition schema validity conformance-subworkflow-input-mapping-no-default.json validates against workflow-definition.schema.json","status":"passed","title":"conformance-subworkflow-input-mapping-no-default.json validates against workflow-definition.schema.json","duration":0.1199579999999969,"failureMessages":[],"meta":{},"tags":[]},{"ancestorTitles":["fixtures: workflow-definition schema validity"],"fullName":"fixtures: workflow-definition schema validity conformance-subworkflow-input-mapping.json validates against workflow-definition.schema.json","status":"passed","title":"conformance-subworkflow-input-mapping.json validates against workflow-definition.schema.json","duration":0.10766599999999471,"failureMessages":[],"meta":{},"tags":[]},{"ancestorTitles":["fixtures: workflow-definition schema validity"],"fullName":"fixtures: workflow-definition schema validity conformance-subworkflow-mid-run-mutation-child.json validates against workflow-definition.schema.json","status":"passed","title":"conformance-subworkflow-mid-run-mutation-child.json validates against workflow-definition.schema.json","duration":0.11775000000000091,"failureMessages":[],"meta":{},"tags":[]},{"ancestorTitles":["fixtures: workflow-definition schema validity"],"fullName":"fixtures: workflow-definition schema validity conformance-subworkflow-mid-run-mutation.json validates against workflow-definition.schema.json","status":"passed","title":"conformance-subworkflow-mid-run-mutation.json validates against workflow-definition.schema.json","duration":0.17520899999999529,"failureMessages":[],"meta":{},"tags":[]},{"ancestorTitles":["fixtures: workflow-definition schema validity"],"fullName":"fixtures: workflow-definition schema validity conformance-subworkflow-parent.json validates against workflow-definition.schema.json","status":"passed","title":"conformance-subworkflow-parent.json validates against workflow-definition.schema.json","duration":0.13695799999993596,"failureMessages":[],"meta":{},"tags":[]},{"ancestorTitles":["fixtures: workflow-definition schema validity"],"fullName":"fixtures: workflow-definition schema validity conformance-version-fold.json validates against workflow-definition.schema.json","status":"passed","title":"conformance-version-fold.json validates against workflow-definition.schema.json","duration":0.1213750000000573,"failureMessages":[],"meta":{},"tags":[]},{"ancestorTitles":["fixtures: workflow-definition schema validity"],"fullName":"fixtures: workflow-definition schema validity conformance-wasm-pack-memory-cap-breach.json validates against workflow-definition.schema.json","status":"passed","title":"conformance-wasm-pack-memory-cap-breach.json validates against workflow-definition.schema.json","duration":0.1252919999999449,"failureMessages":[],"meta":{},"tags":[]},{"ancestorTitles":["fixtures: workflow-definition schema validity"],"fullName":"fixtures: workflow-definition schema validity conformance-wasm-pack-roundtrip.json validates against workflow-definition.schema.json","status":"passed","title":"conformance-wasm-pack-roundtrip.json validates against workflow-definition.schema.json","duration":0.12587500000006457,"failureMessages":[],"meta":{},"tags":[]},{"ancestorTitles":["fixtures: workflow-definition schema validity"],"fullName":"fixtures: workflow-definition schema validity conformance-workflow-variable-format-advisory.json validates against workflow-definition.schema.json","status":"passed","title":"conformance-workflow-variable-format-advisory.json validates against workflow-definition.schema.json","duration":0.1427920000000995,"failureMessages":[],"meta":{},"tags":[]},{"ancestorTitles":["fixtures: workflow-definition schema validity"],"fullName":"fixtures: workflow-definition schema validity openwop-smoke-byok-roundtrip.json validates against workflow-definition.schema.json","status":"passed","title":"openwop-smoke-byok-roundtrip.json validates against workflow-definition.schema.json","duration":0.2555409999999938,"failureMessages":[],"meta":{},"tags":[]},{"ancestorTitles":["fixtures: workflow-definition schema validity"],"fullName":"fixtures: workflow-definition schema validity openwop-smoke-cost-emit.json validates against workflow-definition.schema.json","status":"passed","title":"openwop-smoke-cost-emit.json validates against workflow-definition.schema.json","duration":0.17429199999992306,"failureMessages":[],"meta":{},"tags":[]},{"ancestorTitles":["fixtures: workflow-definition schema validity"],"fullName":"fixtures: workflow-definition schema validity every fixture id matches its filename","status":"passed","title":"every fixture id matches its filename","duration":3.5016669999999976,"failureMessages":[],"meta":{},"tags":[]},{"ancestorTitles":["fixtures: workflow-definition schema validity"],"fullName":"fixtures: workflow-definition schema validity every fixture has a manual trigger so the conformance driver can start it","status":"passed","title":"every fixture has a manual trigger so the conformance driver can start it","duration":3.2946249999999964,"failureMessages":[],"meta":{},"tags":[]},{"ancestorTitles":["fixtures: node-pack-manifest schema validity"],"fullName":"fixtures: node-pack-manifest schema validity finds at least one pack-manifest fixture (private-scope coverage)","status":"passed","title":"finds at least one pack-manifest fixture (private-scope coverage)","duration":0.15091700000004948,"failureMessages":[],"meta":{},"tags":[]},{"ancestorTitles":["fixtures: node-pack-manifest schema validity"],"fullName":"fixtures: node-pack-manifest schema validity pack-manifests/pack-private-example.json validates against its kind's manifest schema","status":"passed","title":"pack-manifests/pack-private-example.json validates against its kind's manifest schema","duration":1.4305839999999534,"failureMessages":[],"meta":{},"tags":[]},{"ancestorTitles":["fixtures: node-pack-manifest schema validity"],"fullName":"fixtures: node-pack-manifest schema validity pack-manifests/workflow-chain-sample.pack.json validates against its kind's manifest schema","status":"passed","title":"pack-manifests/workflow-chain-sample.pack.json validates against its kind's manifest schema","duration":5.71245799999997,"failureMessages":[],"meta":{},"tags":[]},{"ancestorTitles":["fixtures: node-pack-manifest schema validity"],"fullName":"fixtures: node-pack-manifest schema validity the private-scope fixture exercises the v1.0 private-pack pattern","status":"passed","title":"the private-scope fixture exercises the v1.0 private-pack pattern","duration":0.30925000000002,"failureMessages":[],"meta":{},"tags":[]},{"ancestorTitles":["fixtures: connection-pack-manifest schema validity"],"fullName":"fixtures: connection-pack-manifest schema validity finds at least one connection-pack fixture (RFC 0095 coverage)","status":"passed","title":"finds at least one connection-pack fixture (RFC 0095 coverage)","duration":1.1157499999999345,"failureMessages":[],"meta":{},"tags":[]},{"ancestorTitles":["fixtures: connection-pack-manifest schema validity"],"fullName":"fixtures: connection-pack-manifest schema validity connection-packs/connection-pack-apihosts-valid.json validates against connection-pack-manifest.schema.json","status":"passed","title":"connection-packs/connection-pack-apihosts-valid.json validates against connection-pack-manifest.schema.json","duration":1.6583329999999705,"failureMessages":[],"meta":{},"tags":[]},{"ancestorTitles":["fixtures: connection-pack-manifest schema validity"],"fullName":"fixtures: connection-pack-manifest schema validity connection-packs/connection-pack-github.json validates against connection-pack-manifest.schema.json","status":"passed","title":"connection-packs/connection-pack-github.json validates against connection-pack-manifest.schema.json","duration":0.21270800000002055,"failureMessages":[],"meta":{},"tags":[]},{"ancestorTitles":["fixtures: trigger-event + registration schema validity"],"fullName":"fixtures: trigger-event + registration schema validity finds at least one trigger-event fixture (RFC 0099 coverage)","status":"passed","title":"finds at least one trigger-event fixture (RFC 0099 coverage)","duration":0.11158400000010715,"failureMessages":[],"meta":{},"tags":[]},{"ancestorTitles":["fixtures: trigger-event + registration schema validity"],"fullName":"fixtures: trigger-event + registration schema validity trigger-events/trigger-event-change.json validates against its schema","status":"passed","title":"trigger-events/trigger-event-change.json validates against its schema","duration":0.8609579999999823,"failureMessages":[],"meta":{},"tags":[]},{"ancestorTitles":["fixtures: trigger-event + registration schema validity"],"fullName":"fixtures: trigger-event + registration schema validity trigger-events/trigger-event-email.json validates against its schema","status":"passed","title":"trigger-events/trigger-event-email.json validates against its schema","duration":0.34316599999999653,"failureMessages":[],"meta":{},"tags":[]},{"ancestorTitles":["fixtures: trigger-event + registration schema validity"],"fullName":"fixtures: trigger-event + registration schema validity trigger-events/trigger-event-stream.json validates against its schema","status":"passed","title":"trigger-events/trigger-event-stream.json validates against its schema","duration":0.15620799999999235,"failureMessages":[],"meta":{},"tags":[]},{"ancestorTitles":["fixtures: trigger-event + registration schema validity"],"fullName":"fixtures: trigger-event + registration schema validity trigger-events/trigger-subscription-registration-email.json validates against its schema","status":"passed","title":"trigger-events/trigger-subscription-registration-email.json validates against its schema","duration":2.8092499999999063,"failureMessages":[],"meta":{},"tags":[]},{"ancestorTitles":["fixtures: prompt-template schema validity"],"fullName":"fixtures: prompt-template schema validity finds at least one prompt-template fixture","status":"passed","title":"finds at least one prompt-template fixture","duration":0.3825840000000653,"failureMessages":[],"meta":{},"tags":[]},{"ancestorTitles":["fixtures: prompt-template schema validity"],"fullName":"fixtures: prompt-template schema validity prompt-templates/conformance-prompt-few-shot-2.json validates against prompt-template.schema.json","status":"passed","title":"prompt-templates/conformance-prompt-few-shot-2.json validates against prompt-template.schema.json","duration":1.9168750000000045,"failureMessages":[],"meta":{},"tags":[]},{"ancestorTitles":["fixtures: prompt-template schema validity"],"fullName":"fixtures: prompt-template schema validity prompt-templates/conformance-prompt-few-shot.json validates against prompt-template.schema.json","status":"passed","title":"prompt-templates/conformance-prompt-few-shot.json validates against prompt-template.schema.json","duration":2.2172090000000253,"failureMessages":[],"meta":{},"tags":[]},{"ancestorTitles":["fixtures: prompt-template schema validity"],"fullName":"fixtures: prompt-template schema validity prompt-templates/conformance-prompt-schema-hint.json validates against prompt-template.schema.json","status":"passed","title":"prompt-templates/conformance-prompt-schema-hint.json validates against prompt-template.schema.json","duration":0.7798749999999472,"failureMessages":[],"meta":{},"tags":[]},{"ancestorTitles":["fixtures: prompt-template schema validity"],"fullName":"fixtures: prompt-template schema validity prompt-templates/conformance-prompt-secret-redaction.json validates against prompt-template.schema.json","status":"passed","title":"prompt-templates/conformance-prompt-secret-redaction.json validates against prompt-template.schema.json","duration":0.7460419999999885,"failureMessages":[],"meta":{},"tags":[]},{"ancestorTitles":["fixtures: prompt-template schema validity"],"fullName":"fixtures: prompt-template schema validity prompt-templates/conformance-prompt-trust-marker.json validates against prompt-template.schema.json","status":"passed","title":"prompt-templates/conformance-prompt-trust-marker.json validates against prompt-template.schema.json","duration":0.34820799999999963,"failureMessages":[],"meta":{},"tags":[]},{"ancestorTitles":["fixtures: prompt-template schema validity"],"fullName":"fixtures: prompt-template schema validity prompt-templates/conformance-prompt-writer-system.json validates against prompt-template.schema.json","status":"passed","title":"prompt-templates/conformance-prompt-writer-system.json validates against prompt-template.schema.json","duration":3.121832999999924,"failureMessages":[],"meta":{},"tags":[]},{"ancestorTitles":["fixtures: prompt-template schema validity"],"fullName":"fixtures: prompt-template schema validity prompt-templates/conformance-prompt-writer-user.json validates against prompt-template.schema.json","status":"passed","title":"prompt-templates/conformance-prompt-writer-user.json validates against prompt-template.schema.json","duration":0.3027909999999565,"failureMessages":[],"meta":{},"tags":[]},{"ancestorTitles":["fixtures: prompt-template schema validity"],"fullName":"fixtures: prompt-template schema validity every fixture templateId matches its filename","status":"passed","title":"every fixture templateId matches its filename","duration":1.4636250000000928,"failureMessages":[],"meta":{},"tags":[]},{"ancestorTitles":["fixtures: prompt-template schema validity"],"fullName":"fixtures: prompt-template schema validity every secret-source variable lives in a fixture tagged for the secret-redaction scenario","status":"passed","title":"every secret-source variable lives in a fixture tagged for the secret-redaction scenario","duration":0.7490830000000415,"failureMessages":[],"meta":{},"tags":[]}],"startTime":1788489277577,"endTime":1788489277697.749,"status":"passed","message":"","name":"/Users/davidtufts/dev/openwop-examples-v2/examples/hosts/v2-reference/node_modules/@openwop/openwop-conformance/src/scenarios/fixtures-valid.test.ts"},{"assertionResults":[{"ancestorTitles":["RFC 0173 §B — approver-enforced (gated on interrupt + refKinds)"],"fullName":"RFC 0173 §B — approver-enforced (gated on interrupt + refKinds) a resolver outside approversList is refused at resolve time","status":"passed","title":"a resolver outside approversList is refused at resolve time","duration":56.895375,"failureMessages":[],"meta":{},"tags":[]}],"startTime":1788489277928,"endTime":1788489277984.8953,"status":"passed","message":"","name":"/Users/davidtufts/dev/openwop-examples-v2/examples/hosts/v2-reference/node_modules/@openwop/openwop-conformance/src/scenarios/v2-approver-enforced.test.ts"},{"assertionResults":[{"ancestorTitles":["v2 assurance-downgrade-audited (RFC 0170 §B.4 — seam-gated)"],"fullName":"v2 assurance-downgrade-audited (RFC 0170 §B.4 — seam-gated) an identity below the lane floor is refused with sender_constraint_missing","status":"passed","title":"an identity below the lane floor is refused with sender_constraint_missing","duration":14.347833000000008,"failureMessages":[],"meta":{},"tags":[]},{"ancestorTitles":["v2 assurance-downgrade-audited (RFC 0170 §B.4 — seam-gated)"],"fullName":"v2 assurance-downgrade-audited (RFC 0170 §B.4 — seam-gated) a resolved identity records the assurance actually used, never a downgraded bearer under a sender-constrained label","status":"passed","title":"a resolved identity records the assurance actually used, never a downgraded bearer under a sender-constrained label","duration":4.748125000000016,"failureMessages":[],"meta":{},"tags":[]}],"startTime":1788489278249,"endTime":1788489278268.748,"status":"passed","message":"","name":"/Users/davidtufts/dev/openwop-examples-v2/examples/hosts/v2-reference/node_modules/@openwop/openwop-conformance/src/scenarios/v2-assurance-downgrade-audited.test.ts"},{"assertionResults":[{"ancestorTitles":["v2-bundle-v3-signed (RFC 0168 §E)"],"fullName":"v2-bundle-v3-signed (RFC 0168 §E) a signed v3 bundle validates against the closed-root schema; an extra root key is rejected","status":"passed","title":"a signed v3 bundle validates against the closed-root schema; an extra root key is rejected","duration":166.24458400000003,"failureMessages":[],"meta":{},"tags":[]},{"ancestorTitles":["v2-bundle-v3-signed (RFC 0168 §E)"],"fullName":"v2-bundle-v3-signed (RFC 0168 §E) the attestation verifies under the host key, and a flipped witnessSha256 is refused with witness-digest","status":"passed","title":"the attestation verifies under the host key, and a flipped witnessSha256 is refused with witness-digest","duration":3.2042089999999916,"failureMessages":[],"meta":{},"tags":[]},{"ancestorTitles":["v2-bundle-v3-signed (RFC 0168 §E)"],"fullName":"v2-bundle-v3-signed (RFC 0168 §E) an independent claim self-signed under the host key is refused; a distinct verifier key verifies","status":"passed","title":"an independent claim self-signed under the host key is refused; a distinct verifier key verifies","duration":2.1825000000000045,"failureMessages":[],"meta":{},"tags":[]}],"startTime":1788489276729,"endTime":1788489276900.1826,"status":"passed","message":"","name":"/Users/davidtufts/dev/openwop-examples-v2/examples/hosts/v2-reference/node_modules/@openwop/openwop-conformance/src/scenarios/v2-bundle-v3-signed.test.ts"},{"assertionResults":[{"ancestorTitles":["v2 capabilities-root-closed (RFC 0169 §A.4, §C.1)"],"fullName":"v2 capabilities-root-closed (RFC 0169 §A.4, §C.1) the host document validates against capabilities.schema.json","status":"passed","title":"the host document validates against capabilities.schema.json","duration":384.187042,"failureMessages":[],"meta":{},"tags":[]},{"ancestorTitles":["v2 capabilities-root-closed (RFC 0169 §A.4, §C.1)"],"fullName":"v2 capabilities-root-closed (RFC 0169 §A.4, §C.1) an unknown root key fails validation","status":"passed","title":"an unknown root key fails validation","duration":0.5422090000000708,"failureMessages":[],"meta":{},"tags":[]},{"ancestorTitles":["v2 capabilities-root-closed (RFC 0169 §A.4, §C.1)"],"fullName":"v2 capabilities-root-closed (RFC 0169 §A.4, §C.1) a dotted mirror key fails validation","status":"passed","title":"a dotted mirror key fails validation","duration":0.2699999999999818,"failureMessages":[],"meta":{},"tags":[]},{"ancestorTitles":["v2 capabilities-root-closed (RFC 0169 §A.4, §C.1)"],"fullName":"v2 capabilities-root-closed (RFC 0169 §A.4, §C.1) the v1 `capabilities` wrapper fails validation","status":"passed","title":"the v1 `capabilities` wrapper fails validation","duration":0.2949579999999514,"failureMessages":[],"meta":{},"tags":[]},{"ancestorTitles":["v2 capabilities-root-closed (RFC 0169 §A.4, §C.1)"],"fullName":"v2 capabilities-root-closed (RFC 0169 §A.4, §C.1) a root `profiles[]` fails validation","status":"passed","title":"a root `profiles[]` fails validation","duration":0.24825000000009823,"failureMessages":[],"meta":{},"tags":[]}],"startTime":1788489276257,"endTime":1788489276643.295,"status":"passed","message":"","name":"/Users/davidtufts/dev/openwop-examples-v2/examples/hosts/v2-reference/node_modules/@openwop/openwop-conformance/src/scenarios/v2-capabilities-root-closed.test.ts"},{"assertionResults":[{"ancestorTitles":["v2 capability-record-shape (RFC 0169 §A.1–§A.3)"],"fullName":"v2 capability-record-shape (RFC 0169 §A.1–§A.3) every family record carries status, since and witness from the wire-legal sets","status":"passed","title":"every family record carries status, since and witness from the wire-legal sets","duration":7.093791999999979,"failureMessages":[],"meta":{},"tags":[]},{"ancestorTitles":["v2 capability-record-shape (RFC 0169 §A.1–§A.3)"],"fullName":"v2 capability-record-shape (RFC 0169 §A.1–§A.3) `until` is present iff the record is experimental or deprecated","status":"passed","title":"`until` is present iff the record is experimental or deprecated","duration":1.7660419999999988,"failureMessages":[],"meta":{},"tags":[]},{"ancestorTitles":["v2 capability-record-shape (RFC 0169 §A.1–§A.3)"],"fullName":"v2 capability-record-shape (RFC 0169 §A.1–§A.3) no advertised record carries an `until` already in the past","status":"passed","title":"no advertised record carries an `until` already in the past","duration":1.6971670000000074,"failureMessages":[],"meta":{},"tags":[]}],"startTime":1788489278183,"endTime":1788489278192.6973,"status":"passed","message":"","name":"/Users/davidtufts/dev/openwop-examples-v2/examples/hosts/v2-reference/node_modules/@openwop/openwop-conformance/src/scenarios/v2-capability-record-shape.test.ts"},{"assertionResults":[{"ancestorTitles":["v2-chain-pin-exact (RFC 0177 §E.1)"],"fullName":"v2-chain-pin-exact (RFC 0177 §E.1) a chain reference carrying a range (core.ai.callPrompt@^1) is refused at register","status":"passed","title":"a chain reference carrying a range (core.ai.callPrompt@^1) is refused at register","duration":3.208457999999979,"failureMessages":[],"meta":{},"tags":[]},{"ancestorTitles":["v2-chain-pin-exact (RFC 0177 §E.1)"],"fullName":"v2-chain-pin-exact (RFC 0177 §E.1) a chain reference pinning an exact version (core.ai.callPrompt@1.0.0) registers","status":"passed","title":"a chain reference pinning an exact version (core.ai.callPrompt@1.0.0) registers","duration":0.445666000000017,"failureMessages":[],"meta":{},"tags":[]}],"startTime":1788489278813,"endTime":1788489278817.4456,"status":"passed","message":"","name":"/Users/davidtufts/dev/openwop-examples-v2/examples/hosts/v2-reference/node_modules/@openwop/openwop-conformance/src/scenarios/v2-chain-pin-exact.test.ts"},{"assertionResults":[{"ancestorTitles":["v2-coherence-not-in-bundle (RFC 0168 §D.1)"],"fullName":"v2-coherence-not-in-bundle (RFC 0168 §D.1) every corpus-ledger id has a scenario in src/coherence and none in src/scenarios — the two id sets are disjoint by construction","status":"passed","title":"every corpus-ledger id has a scenario in src/coherence and none in src/scenarios — the two id sets are disjoint by construction","duration":1.519042000000013,"failureMessages":[],"meta":{},"tags":[]},{"ancestorTitles":["v2-coherence-not-in-bundle (RFC 0168 §D.1)"],"fullName":"v2-coherence-not-in-bundle (RFC 0168 §D.1) the bundle schema rejects a v3 bundle carrying a corpus-coherence id and accepts one under openwop.requirement.","status":"failed","title":"the bundle schema rejects a v3 bundle carrying a corpus-coherence id and accepts one under openwop.requirement.","duration":192.198959,"failureMessages":["AssertionError: [openwop-host-v2-reference@2.0.0-rc.1] conformance.md §\"Two products, two ledgers\" (RFC 0168 §D.1): a v3 bundle carrying an openwop.it.spec-corpus-validity. id MUST be rejected by the bundle schema: expected true to be false // Object.is equality\n    at /Users/davidtufts/dev/openwop-examples-v2/examples/hosts/v2-reference/node_modules/@openwop/openwop-conformance/src/scenarios/v2-coherence-not-in-bundle.test.ts:90:220\n    at file:///Users/davidtufts/dev/openwop-examples-v2/examples/hosts/v2-reference/node_modules/@vitest/runner/dist/chunk-artifact.js:302:11\n    at file:///Users/davidtufts/dev/openwop-examples-v2/examples/hosts/v2-reference/node_modules/@vitest/runner/dist/chunk-artifact.js:1903:26\n    at file:///Users/davidtufts/dev/openwop-examples-v2/examples/hosts/v2-reference/node_modules/@vitest/runner/dist/chunk-artifact.js:2326:20\n    at new Promise (<anonymous>)\n    at runWithCancel (file:///Users/davidtufts/dev/openwop-examples-v2/examples/hosts/v2-reference/node_modules/@vitest/runner/dist/chunk-artifact.js:2323:10)\n    at file:///Users/davidtufts/dev/openwop-examples-v2/examples/hosts/v2-reference/node_modules/@vitest/runner/dist/chunk-artifact.js:2305:20\n    at new Promise (<anonymous>)\n    at runWithTimeout (file:///Users/davidtufts/dev/openwop-examples-v2/examples/hosts/v2-reference/node_modules/@vitest/runner/dist/chunk-artifact.js:2272:10)\n    at file:///Users/davidtufts/dev/openwop-examples-v2/examples/hosts/v2-reference/node_modules/@vitest/runner/dist/chunk-artifact.js:2956:64"],"meta":{},"tags":[]}],"startTime":1788489276256,"endTime":1788489276449.199,"status":"failed","message":"","name":"/Users/davidtufts/dev/openwop-examples-v2/examples/hosts/v2-reference/node_modules/@openwop/openwop-conformance/src/scenarios/v2-coherence-not-in-bundle.test.ts"},{"assertionResults":[{"ancestorTitles":["RFC 0173 §B — compensation-read-projection (gated on compensation)"],"fullName":"RFC 0173 §B — compensation-read-projection (gated on compensation) GET /runs/{runId}/compensation on a fresh run validates with status none","status":"passed","title":"GET /runs/{runId}/compensation on a fresh run validates with status none","duration":148.79874999999998,"failureMessages":[],"meta":{},"tags":[]},{"ancestorTitles":["RFC 0173 §B — compensation-read-projection (gated on compensation)"],"fullName":"RFC 0173 §B — compensation-read-projection (gated on compensation) an unknown run projects 404 not_found through the canonical envelope","status":"passed","title":"an unknown run projects 404 not_found through the canonical envelope","duration":6.858834000000002,"failureMessages":[],"meta":{},"tags":[]}],"startTime":1788489276908,"endTime":1788489277063.859,"status":"passed","message":"","name":"/Users/davidtufts/dev/openwop-examples-v2/examples/hosts/v2-reference/node_modules/@openwop/openwop-conformance/src/scenarios/v2-compensation-read-projection.test.ts"},{"assertionResults":[{"ancestorTitles":["v2 configurable-closed (RFC 0171 §D.1)"],"fullName":"v2 configurable-closed (RFC 0171 §D.1) the standalone schema rejects a dotted key and an unknown root key and accepts the versioned control","status":"passed","title":"the standalone schema rejects a dotted key and an unknown root key and accepts the versioned control","duration":113.21308400000001,"failureMessages":[],"meta":{},"tags":[]},{"ancestorTitles":["v2 configurable-closed (RFC 0171 §D.1)"],"fullName":"v2 configurable-closed (RFC 0171 §D.1) POST /runs rejects a dotted key with 400 validation_error","status":"passed","title":"POST /runs rejects a dotted key with 400 validation_error","duration":38.533457999999996,"failureMessages":[],"meta":{},"tags":[]},{"ancestorTitles":["v2 configurable-closed (RFC 0171 §D.1)"],"fullName":"v2 configurable-closed (RFC 0171 §D.1) POST /runs rejects an unknown root key with 400 validation_error","status":"passed","title":"POST /runs rejects an unknown root key with 400 validation_error","duration":8.683084000000008,"failureMessages":[],"meta":{},"tags":[]}],"startTime":1788489277172,"endTime":1788489277332.683,"status":"passed","message":"","name":"/Users/davidtufts/dev/openwop-examples-v2/examples/hosts/v2-reference/node_modules/@openwop/openwop-conformance/src/scenarios/v2-configurable-closed.test.ts"},{"assertionResults":[{"ancestorTitles":["v2 dual-stack-negotiation (RFC 0172 §A.3–§A.4 — gated on two majors)"],"fullName":"v2 dual-stack-negotiation (RFC 0172 §A.3–§A.4 — gated on two majors) a run created through /v1/runs with no header is readable through /runs under OpenWOP-Version: 2.0","status":"passed","title":"a run created through /v1/runs with no header is readable through /runs under OpenWOP-Version: 2.0","duration":14.57774999999998,"failureMessages":[],"meta":{},"tags":[]},{"ancestorTitles":["v2 dual-stack-negotiation (RFC 0172 §A.3–§A.4 — gated on two majors)"],"fullName":"v2 dual-stack-negotiation (RFC 0172 §A.3–§A.4 — gated on two majors) an unlisted major is 406 protocol_version_unsupported with details.protocolVersions[]","status":"passed","title":"an unlisted major is 406 protocol_version_unsupported with details.protocolVersions[]","duration":6.365000000000009,"failureMessages":[],"meta":{},"tags":[]},{"ancestorTitles":["v2 dual-stack-negotiation (RFC 0172 §A.3–§A.4 — gated on two majors)"],"fullName":"v2 dual-stack-negotiation (RFC 0172 §A.3–§A.4 — gated on two majors) OpenWOP-Version: 2.0 on a /v1/ path is 400 protocol_version_mismatch","status":"passed","title":"OpenWOP-Version: 2.0 on a /v1/ path is 400 protocol_version_mismatch","duration":6.286208999999985,"failureMessages":[],"meta":{},"tags":[]},{"ancestorTitles":["v2 dual-stack-negotiation (RFC 0172 §A.3–§A.4 — gated on two majors)"],"fullName":"v2 dual-stack-negotiation (RFC 0172 §A.3–§A.4 — gated on two majors) every response reports the contract that produced it","status":"passed","title":"every response reports the contract that produced it","duration":14.790083000000038,"failureMessages":[],"meta":{},"tags":[]}],"startTime":1788489277576,"endTime":1788489277617.79,"status":"passed","message":"","name":"/Users/davidtufts/dev/openwop-examples-v2/examples/hosts/v2-reference/node_modules/@openwop/openwop-conformance/src/scenarios/v2-dual-stack-negotiation.test.ts"},{"assertionResults":[{"ancestorTitles":["RFC 0173 §B — effect-identity-business-key (gated on idempotency)"],"fullName":"RFC 0173 §B — effect-identity-business-key (gated on idempotency) GET /runs/{runId}/effects validates and every row is keyed on business identity or the activity recipe","status":"passed","title":"GET /runs/{runId}/effects validates and every row is keyed on business identity or the activity recipe","duration":187.02608299999997,"failureMessages":[],"meta":{},"tags":[]},{"ancestorTitles":["RFC 0173 §B — effect-identity-business-key (gated on idempotency)"],"fullName":"RFC 0173 §B — effect-identity-business-key (gated on idempotency) the same provider key is presented across two transport retries","status":"passed","title":"the same provider key is presented across two transport retries","duration":32.50829199999998,"failureMessages":[],"meta":{},"tags":[]}],"startTime":1788489276255,"endTime":1788489276474.5083,"status":"passed","message":"","name":"/Users/davidtufts/dev/openwop-examples-v2/examples/hosts/v2-reference/node_modules/@openwop/openwop-conformance/src/scenarios/v2-effect-identity-business-key.test.ts"},{"assertionResults":[{"ancestorTitles":["RFC 0173 §C.1 — effect-seam-manifest (gated on replay)"],"fullName":"RFC 0173 §C.1 — effect-seam-manifest (gated on replay) GET /host/effect-seams validates and every row is guarded","status":"passed","title":"GET /host/effect-seams validates and every row is guarded","duration":181.75216700000004,"failureMessages":[],"meta":{},"tags":[]},{"ancestorTitles":["RFC 0173 §C.1 — effect-seam-manifest (gated on replay)"],"fullName":"RFC 0173 §C.1 — effect-seam-manifest (gated on replay) the replay facet names the manifest address as the constant /host/effect-seams","status":"passed","title":"the replay facet names the manifest address as the constant /host/effect-seams","duration":0.4017910000000029,"failureMessages":[],"meta":{},"tags":[]},{"ancestorTitles":["RFC 0173 §C.1 — effect-seam-manifest (gated on replay)"],"fullName":"RFC 0173 §C.1 — effect-seam-manifest (gated on replay) driving one seam of each kind observes no re-fire on replay","status":"passed","title":"driving one seam of each kind observes no re-fire on replay","duration":58.08904100000001,"failureMessages":[],"meta":{},"tags":[]}],"startTime":1788489276261,"endTime":1788489276501.089,"status":"passed","message":"","name":"/Users/davidtufts/dev/openwop-examples-v2/examples/hosts/v2-reference/node_modules/@openwop/openwop-conformance/src/scenarios/v2-effect-seam-manifest.test.ts"},{"assertionResults":[{"ancestorTitles":["v2 enum-growth-rule (RFC 0171 §A.5)"],"fullName":"v2 enum-growth-rule (RFC 0171 §A.5) the envelope accepts a registered-but-unknown-to-this-suite vendor member","status":"passed","title":"the envelope accepts a registered-but-unknown-to-this-suite vendor member","duration":124.146042,"failureMessages":[],"meta":{},"tags":[]},{"ancestorTitles":["v2 enum-growth-rule (RFC 0171 §A.5)"],"fullName":"v2 enum-growth-rule (RFC 0171 §A.5) the reserved prefix and a malformed member are rejected","status":"passed","title":"the reserved prefix and a malformed member are rejected","duration":1.561916999999994,"failureMessages":[],"meta":{},"tags":[]}],"startTime":1788489277196,"endTime":1788489277321.562,"status":"passed","message":"","name":"/Users/davidtufts/dev/openwop-examples-v2/examples/hosts/v2-reference/node_modules/@openwop/openwop-conformance/src/scenarios/v2-enum-growth-rule.test.ts"},{"assertionResults":[{"ancestorTitles":["RFC 0176 §A.2 — era-key (unaided)"],"fullName":"RFC 0176 §A.2 — era-key (unaided) a run created now carries eventLogSchemaVersion 3 on its snapshot","status":"passed","title":"a run created now carries eventLogSchemaVersion 3 on its snapshot","duration":15.382958000000002,"failureMessages":[],"meta":{},"tags":[]},{"ancestorTitles":["RFC 0176 §A.2 — era-key (unaided)"],"fullName":"RFC 0176 §A.2 — era-key (unaided) discovery advertises the value the host writes for new runs and nothing else","status":"passed","title":"discovery advertises the value the host writes for new runs and nothing else","duration":60.69983400000004,"failureMessages":[],"meta":{},"tags":[]}],"startTime":1788489277880,"endTime":1788489277955.7,"status":"passed","message":"","name":"/Users/davidtufts/dev/openwop-examples-v2/examples/hosts/v2-reference/node_modules/@openwop/openwop-conformance/src/scenarios/v2-era-key.test.ts"},{"assertionResults":[{"ancestorTitles":["v2 error-registry (RFC 0171 §B.1–§B.2)"],"fullName":"v2 error-registry (RFC 0171 §B.1–§B.2) an error response is the closed envelope with a registered code at its registered status","status":"passed","title":"an error response is the closed envelope with a registered code at its registered status","duration":123.97595800000002,"failureMessages":[],"meta":{},"tags":[]},{"ancestorTitles":["v2 error-registry (RFC 0171 §B.1–§B.2)"],"fullName":"v2 error-registry (RFC 0171 §B.1–§B.2) retry timing is never spelled inside details","status":"passed","title":"retry timing is never spelled inside details","duration":2.983249999999998,"failureMessages":[],"meta":{},"tags":[]},{"ancestorTitles":["v2 error-registry (RFC 0171 §B.1–§B.2)"],"fullName":"v2 error-registry (RFC 0171 §B.1–§B.2) a 429 rate_limited response carries Retry-After","status":"passed","title":"a 429 rate_limited response carries Retry-After","duration":9.746459000000016,"failureMessages":[],"meta":{},"tags":[]}],"startTime":1788489276906,"endTime":1788489277042.7463,"status":"passed","message":"","name":"/Users/davidtufts/dev/openwop-examples-v2/examples/hosts/v2-reference/node_modules/@openwop/openwop-conformance/src/scenarios/v2-error-registry.test.ts"},{"assertionResults":[{"ancestorTitles":["v2 event-type-closed (RFC 0171 §A.1, §A.5)"],"fullName":"v2 event-type-closed (RFC 0171 §A.1, §A.5) every emitted type is a registered protocol type or a vendor type under an advertised org","status":"passed","title":"every emitted type is a registered protocol type or a vendor type under an advertised org","duration":20.977458000000013,"failureMessages":[],"meta":{},"tags":[]},{"ancestorTitles":["v2 event-type-closed (RFC 0171 §A.1, §A.5)"],"fullName":"v2 event-type-closed (RFC 0171 §A.1, §A.5) every emitted event validates as a RunEventDoc","status":"passed","title":"every emitted event validates as a RunEventDoc","duration":145.24933300000004,"failureMessages":[],"meta":{},"tags":[]}],"startTime":1788489276744,"endTime":1788489276911.2493,"status":"passed","message":"","name":"/Users/davidtufts/dev/openwop-examples-v2/examples/hosts/v2-reference/node_modules/@openwop/openwop-conformance/src/scenarios/v2-event-type-closed.test.ts"},{"assertionResults":[{"ancestorTitles":["RFC 0176 §A.5 — fork-a-v1-run (seam-gated, replay)"],"fullName":"RFC 0176 §A.5 — fork-a-v1-run (seam-gated, replay) the fork of an era-2 run is accepted and its prefix is byte-equivalent to the translated parent","status":"passed","title":"the fork of an era-2 run is accepted and its prefix is byte-equivalent to the translated parent","duration":36.32408299999997,"failureMessages":[],"meta":{},"tags":[]},{"ancestorTitles":["RFC 0176 §A.5 — fork-a-v1-run (seam-gated, replay)"],"fullName":"RFC 0176 §A.5 — fork-a-v1-run (seam-gated, replay) run.started on the fork carries the legacy Subject where the parent had none","status":"passed","title":"run.started on the fork carries the legacy Subject where the parent had none","duration":16.185249999999996,"failureMessages":[],"meta":{},"tags":[]}],"startTime":1788489277566,"endTime":1788489277619.1853,"status":"passed","message":"","name":"/Users/davidtufts/dev/openwop-examples-v2/examples/hosts/v2-reference/node_modules/@openwop/openwop-conformance/src/scenarios/v2-fork-a-v1-run.test.ts"},{"assertionResults":[{"ancestorTitles":["v2-form-when-reuses-edge-conditions (RFC 0177 §E.4)"],"fullName":"v2-form-when-reuses-edge-conditions (RFC 0177 §E.4) a field `when` is the edge-condition grammar { type, left, right } and no other expression language","status":"passed","title":"a field `when` is the edge-condition grammar { type, left, right } and no other expression language","duration":7.464749999999981,"failureMessages":[],"meta":{},"tags":[]}],"startTime":1788489278705,"endTime":1788489278712.4648,"status":"passed","message":"","name":"/Users/davidtufts/dev/openwop-examples-v2/examples/hosts/v2-reference/node_modules/@openwop/openwop-conformance/src/scenarios/v2-form-when-reuses-edge-conditions.test.ts"},{"assertionResults":[{"ancestorTitles":["v2 header-scheme (RFC 0171 §C.1; RFC 0172 §A.4)"],"fullName":"v2 header-scheme (RFC 0171 §C.1; RFC 0172 §A.4) no removed header family appears on any response","status":"passed","title":"no removed header family appears on any response","duration":23.790291999999994,"failureMessages":[],"meta":{},"tags":[]},{"ancestorTitles":["v2 header-scheme (RFC 0171 §C.1; RFC 0172 §A.4)"],"fullName":"v2 header-scheme (RFC 0171 §C.1; RFC 0172 §A.4) OpenWOP-Version names the contract on every response","status":"passed","title":"OpenWOP-Version names the contract on every response","duration":33.46995800000002,"failureMessages":[],"meta":{},"tags":[]}],"startTime":1788489277582,"endTime":1788489277638.47,"status":"passed","message":"","name":"/Users/davidtufts/dev/openwop-examples-v2/examples/hosts/v2-reference/node_modules/@openwop/openwop-conformance/src/scenarios/v2-header-scheme.test.ts"},{"assertionResults":[{"ancestorTitles":["v2 id-grammar (RFC 0170 §D.1)"],"fullName":"v2 id-grammar (RFC 0170 §D.1) every id on the run snapshot matches its ids.schema.json kind","status":"passed","title":"every id on the run snapshot matches its ids.schema.json kind","duration":147.897083,"failureMessages":[],"meta":{},"tags":[]},{"ancestorTitles":["v2 id-grammar (RFC 0170 §D.1)"],"fullName":"v2 id-grammar (RFC 0170 §D.1) every id on the run events matches its ids.schema.json kind","status":"passed","title":"every id on the run events matches its ids.schema.json kind","duration":18.716750000000047,"failureMessages":[],"meta":{},"tags":[]},{"ancestorTitles":["v2 id-grammar (RFC 0170 §D.1)"],"fullName":"v2 id-grammar (RFC 0170 §D.1) a run id whose tenant segment is not the caller's is refused","status":"passed","title":"a run id whose tenant segment is not the caller's is refused","duration":5.062583000000018,"failureMessages":[],"meta":{},"tags":[]}],"startTime":1788489276738,"endTime":1788489276910.0625,"status":"passed","message":"","name":"/Users/davidtufts/dev/openwop-examples-v2/examples/hosts/v2-reference/node_modules/@openwop/openwop-conformance/src/scenarios/v2-id-grammar.test.ts"},{"assertionResults":[{"ancestorTitles":["v2 idempotency-key-grammar (RFC 0170 §D.3)"],"fullName":"v2 idempotency-key-grammar (RFC 0170 §D.3) a 22+ character key inside the grammar is accepted","status":"passed","title":"a 22+ character key inside the grammar is accepted","duration":16.327291000000002,"failureMessages":[],"meta":{},"tags":[]},{"ancestorTitles":["v2 idempotency-key-grammar (RFC 0170 §D.3)"],"fullName":"v2 idempotency-key-grammar (RFC 0170 §D.3) a key outside the grammar is refused with 400 idempotency_key_invalid","status":"passed","title":"a key outside the grammar is refused with 400 idempotency_key_invalid","duration":7.7485829999999964,"failureMessages":[],"meta":{},"tags":[]}],"startTime":1788489278207,"endTime":1788489278230.7485,"status":"passed","message":"","name":"/Users/davidtufts/dev/openwop-examples-v2/examples/hosts/v2-reference/node_modules/@openwop/openwop-conformance/src/scenarios/v2-idempotency-key-grammar.test.ts"},{"assertionResults":[{"ancestorTitles":["v2 interrupt-token-scheme (RFC 0170 §E.1)"],"fullName":"v2 interrupt-token-scheme (RFC 0170 §E.1) a token without the ow2. prefix is refused","status":"passed","title":"a token without the ow2. prefix is refused","duration":14.392832999999996,"failureMessages":[],"meta":{},"tags":[]},{"ancestorTitles":["v2 interrupt-token-scheme (RFC 0170 §E.1)"],"fullName":"v2 interrupt-token-scheme (RFC 0170 §E.1) a well-formed token under a kid the host does not hold is 401 interrupt_token_invalid","status":"passed","title":"a well-formed token under a kid the host does not hold is 401 interrupt_token_invalid","duration":7.883624999999995,"failureMessages":[],"meta":{},"tags":[]}],"startTime":1788489278205,"endTime":1788489278226.8835,"status":"passed","message":"","name":"/Users/davidtufts/dev/openwop-examples-v2/examples/hosts/v2-reference/node_modules/@openwop/openwop-conformance/src/scenarios/v2-interrupt-token-scheme.test.ts"},{"assertionResults":[{"ancestorTitles":["v2 lane-issuer-advertised (RFC 0170 §B.2–§B.4)"],"fullName":"v2 lane-issuer-advertised (RFC 0170 §B.2–§B.4) every auth.lanes[] member names lane, issuers[], revocation and minimumAssurance","status":"passed","title":"every auth.lanes[] member names lane, issuers[], revocation and minimumAssurance","duration":3.7301250000000152,"failureMessages":[],"meta":{},"tags":[]},{"ancestorTitles":["v2 lane-issuer-advertised (RFC 0170 §B.2–§B.4)"],"fullName":"v2 lane-issuer-advertised (RFC 0170 §B.2–§B.4) a windowed revocation rule advertises revocationWindowSeconds","status":"passed","title":"a windowed revocation rule advertises revocationWindowSeconds","duration":0.4882909999999754,"failureMessages":[],"meta":{},"tags":[]}],"startTime":1788489278713,"endTime":1788489278717.4883,"status":"passed","message":"","name":"/Users/davidtufts/dev/openwop-examples-v2/examples/hosts/v2-reference/node_modules/@openwop/openwop-conformance/src/scenarios/v2-lane-issuer-advertised.test.ts"},{"assertionResults":[{"ancestorTitles":["RFC 0175 §C.1 — legacy-profiles-absent (unaided)"],"fullName":"RFC 0175 §C.1 — legacy-profiles-absent (unaided) no -legacy id appears in a2a.profiles or mcp.profiles and each id matches its facet pattern","status":"passed","title":"no -legacy id appears in a2a.profiles or mcp.profiles and each id matches its facet pattern","duration":3.130792000000014,"failureMessages":[],"meta":{},"tags":[]},{"ancestorTitles":["RFC 0175 §C.1 — legacy-profiles-absent (unaided)"],"fullName":"RFC 0175 §C.1 — legacy-profiles-absent (unaided) no root profiles[] exists in the v2 representation","status":"passed","title":"no root profiles[] exists in the v2 representation","duration":0.6256250000000136,"failureMessages":[],"meta":{},"tags":[]}],"startTime":1788489278771,"endTime":1788489278774.6257,"status":"passed","message":"","name":"/Users/davidtufts/dev/openwop-examples-v2/examples/hosts/v2-reference/node_modules/@openwop/openwop-conformance/src/scenarios/v2-legacy-profiles-absent.test.ts"},{"assertionResults":[{"ancestorTitles":["v2-manifest-ceiling-refused (RFC 0177 §A.1)"],"fullName":"v2-manifest-ceiling-refused (RFC 0177 §A.1) an engines.openwop range with no upper bound (>=1.0.0) reads <2.0.0 and is refused at install with pack_engine_unsupported","status":"passed","title":"an engines.openwop range with no upper bound (>=1.0.0) reads <2.0.0 and is refused at install with pack_engine_unsupported","duration":11.50958399999999,"failureMessages":[],"meta":{},"tags":[]},{"ancestorTitles":["v2-manifest-ceiling-refused (RFC 0177 §A.1)"],"fullName":"v2-manifest-ceiling-refused (RFC 0177 §A.1) a v1 ceiling (>=1.0.0 <2.0.0) is refused at install with pack_engine_unsupported","status":"passed","title":"a v1 ceiling (>=1.0.0 <2.0.0) is refused at install with pack_engine_unsupported","duration":6.774250000000023,"failureMessages":[],"meta":{},"tags":[]},{"ancestorTitles":["v2-manifest-ceiling-refused (RFC 0177 §A.1)"],"fullName":"v2-manifest-ceiling-refused (RFC 0177 §A.1) a range admitting the host major (>=2.0.0 <3.0.0) installs","status":"passed","title":"a range admitting the host major (>=2.0.0 <3.0.0) installs","duration":5.268500000000017,"failureMessages":[],"meta":{},"tags":[]}],"startTime":1788489277933,"endTime":1788489277956.2686,"status":"passed","message":"","name":"/Users/davidtufts/dev/openwop-examples-v2/examples/hosts/v2-reference/node_modules/@openwop/openwop-conformance/src/scenarios/v2-manifest-ceiling-refused.test.ts"},{"assertionResults":[{"ancestorTitles":["v2-manifest-hatch-carried (RFC 0177 §C.2)"],"fullName":"v2-manifest-hatch-carried (RFC 0177 §C.2) an x- field inside agents[0] of a node pack is ignored, not rejected — the pack installs","status":"passed","title":"an x- field inside agents[0] of a node pack is ignored, not rejected — the pack installs","duration":15.761124999999993,"failureMessages":[],"meta":{},"tags":[]},{"ancestorTitles":["v2-manifest-hatch-carried (RFC 0177 §C.2)"],"fullName":"v2-manifest-hatch-carried (RFC 0177 §C.2) an x- field inside a prompt template of a prompt pack is ignored, not rejected — the pack installs","status":"passed","title":"an x- field inside a prompt template of a prompt pack is ignored, not rejected — the pack installs","duration":9.750042000000008,"failureMessages":[],"meta":{},"tags":[]}],"startTime":1788489278445,"endTime":1788489278471.75,"status":"passed","message":"","name":"/Users/davidtufts/dev/openwop-examples-v2/examples/hosts/v2-reference/node_modules/@openwop/openwop-conformance/src/scenarios/v2-manifest-hatch-carried.test.ts"},{"assertionResults":[{"ancestorTitles":["v2 min-client-version (RFC 0172 §A.5 — gated on minClientVersion)"],"fullName":"v2 min-client-version (RFC 0172 §A.5 — gated on minClientVersion) a client below minClientVersion is refused with 426 client_version_unsupported","status":"passed","title":"a client below minClientVersion is refused with 426 client_version_unsupported","duration":164.692125,"failureMessages":[],"meta":{},"tags":[]}],"startTime":1788489277177,"endTime":1788489277341.6921,"status":"passed","message":"","name":"/Users/davidtufts/dev/openwop-examples-v2/examples/hosts/v2-reference/node_modules/@openwop/openwop-conformance/src/scenarios/v2-min-client-version.test.ts"},{"assertionResults":[{"ancestorTitles":["RFC 0175 §D.2 — minimum-version-refused (gated on a2a/mcp + seams)"],"fullName":"RFC 0175 §D.2 — minimum-version-refused (gated on a2a/mcp + seams) an A2A peer offering only a version below minimumVersion is refused","status":"passed","title":"an A2A peer offering only a version below minimumVersion is refused","duration":4.301041999999995,"failureMessages":[],"meta":{},"tags":[]},{"ancestorTitles":["RFC 0175 §D.2 — minimum-version-refused (gated on a2a/mcp + seams)"],"fullName":"RFC 0175 §D.2 — minimum-version-refused (gated on a2a/mcp + seams) an MCP server offering only a revision below minimumRevision is refused","status":"passed","title":"an MCP server offering only a revision below minimumRevision is refused","duration":0.5162499999999852,"failureMessages":[],"meta":{},"tags":[]}],"startTime":1788489278524,"endTime":1788489278528.5164,"status":"passed","message":"","name":"/Users/davidtufts/dev/openwop-examples-v2/examples/hosts/v2-reference/node_modules/@openwop/openwop-conformance/src/scenarios/v2-minimum-version-refused.test.ts"},{"assertionResults":[{"ancestorTitles":["RFC 0175 §E.1 — mrtr-rounds-ceiling (gated on mcp + mrtr)"],"fullName":"RFC 0175 §E.1 — mrtr-rounds-ceiling (gated on mcp + mrtr) mcp.mrtr.maxRounds is an integer ceiling in 1..16","status":"passed","title":"mcp.mrtr.maxRounds is an integer ceiling in 1..16","duration":8.118374999999986,"failureMessages":[],"meta":{},"tags":[]},{"ancestorTitles":["RFC 0175 §E.1 — mrtr-rounds-ceiling (gated on mcp + mrtr)"],"fullName":"RFC 0175 §E.1 — mrtr-rounds-ceiling (gated on mcp + mrtr) round maxRounds + 1 is refused with mcp_mrtr_rounds_exceeded","status":"passed","title":"round maxRounds + 1 is refused with mcp_mrtr_rounds_exceeded","duration":1.921541999999988,"failureMessages":[],"meta":{},"tags":[]}],"startTime":1788489278487,"endTime":1788489278496.9216,"status":"passed","message":"","name":"/Users/davidtufts/dev/openwop-examples-v2/examples/hosts/v2-reference/node
[...]
lation (gated on packs + sandbox) node-pack-sandbox-memory-cap: exceeding memoryLimitBytes fails with sandbox_memory_exceeded","status":"passed","title":"node-pack-sandbox-memory-cap: exceeding memoryLimitBytes fails with sandbox_memory_exceeded","duration":0.3239579999999762,"failureMessages":[],"meta":{},"tags":[]},{"ancestorTitles":["RFC 0173 §B — pack-isolation (gated on packs + sandbox)"],"fullName":"RFC 0173 §B — pack-isolation (gated on packs + sandbox) node-pack-sandbox-isolated-context: a pack cannot mutate state another invocation sees","status":"passed","title":"node-pack-sandbox-isolated-context: a pack cannot mutate state another invocation sees","duration":0.5970000000000084,"failureMessages":[],"meta":{},"tags":[]}],"startTime":1788489278453,"endTime":1788489278464.597,"status":"passed","message":"","name":"/Users/davidtufts/dev/openwop-examples-v2/examples/hosts/v2-reference/node_modules/@openwop/openwop-conformance/src/scenarios/v2-pack-isolation.test.ts"},{"assertionResults":[{"ancestorTitles":["v2 payload-registry-closed (RFC 0171 §A.4)"],"fullName":"v2 payload-registry-closed (RFC 0171 §A.4) every registered event carries a payload that validates against its _typeIndex entry","status":"passed","title":"every registered event carries a payload that validates against its _typeIndex entry","duration":204.604416,"failureMessages":[],"meta":{},"tags":[]}],"startTime":1788489276751,"endTime":1788489276955.6045,"status":"passed","message":"","name":"/Users/davidtufts/dev/openwop-examples-v2/examples/hosts/v2-reference/node_modules/@openwop/openwop-conformance/src/scenarios/v2-payload-registry-closed.test.ts"},{"assertionResults":[{"ancestorTitles":["v2-peer-dependency-declared (RFC 0177 §B.1/§B.2)"],"fullName":"v2-peer-dependency-declared (RFC 0177 §B.1/§B.2) a peerDependencies key the declaration file does not name is refused with pack_peer_dependency_undefined","status":"passed","title":"a peerDependencies key the declaration file does not name is refused with pack_peer_dependency_undefined","duration":12.436667,"failureMessages":[],"meta":{},"tags":[]},{"ancestorTitles":["v2-peer-dependency-declared (RFC 0177 §B.1/§B.2)"],"fullName":"v2-peer-dependency-declared (RFC 0177 §B.1/§B.2) an alias-table row (host.fs → fs) resolves through the overlap and the pack installs","status":"passed","title":"an alias-table row (host.fs → fs) resolves through the overlap and the pack installs","duration":0.8552919999999915,"failureMessages":[],"meta":{},"tags":[]}],"startTime":1788489278187,"endTime":1788489278199.8552,"status":"passed","message":"","name":"/Users/davidtufts/dev/openwop-examples-v2/examples/hosts/v2-reference/node_modules/@openwop/openwop-conformance/src/scenarios/v2-peer-dependency-declared.test.ts"},{"assertionResults":[{"ancestorTitles":["RFC 0176 §B.1 — pinned-run-disposition (seam-gated)"],"fullName":"RFC 0176 §B.1 — pinned-run-disposition (seam-gated) a pin naming a change id the host does not implement is cancelled with v1_pin_unsupported / v2-cutover","status":"passed","title":"a pin naming a change id the host does not implement is cancelled with v1_pin_unsupported / v2-cutover","duration":25.861333000000002,"failureMessages":[],"meta":{},"tags":[]},{"ancestorTitles":["RFC 0176 §B.1 — pinned-run-disposition (seam-gated)"],"fullName":"RFC 0176 §B.1 — pinned-run-disposition (seam-gated) a pin naming a change id the host still implements continues under the reader rule with the pin verbatim","status":"passed","title":"a pin naming a change id the host still implements continues under the reader rule with the pin verbatim","duration":0.6361249999999927,"failureMessages":[],"meta":{},"tags":[]}],"startTime":1788489278109,"endTime":1788489278135.6362,"status":"passed","message":"","name":"/Users/davidtufts/dev/openwop-examples-v2/examples/hosts/v2-reference/node_modules/@openwop/openwop-conformance/src/scenarios/v2-pinned-run-disposition.test.ts"},{"assertionResults":[{"ancestorTitles":["v2 poll-cursor-v2 (RFC 0171 §E.2)"],"fullName":"v2 poll-cursor-v2 (RFC 0171 §E.2) the response is the closed { runId, events, lastSequence, status, isTerminal }","status":"passed","title":"the response is the closed { runId, events, lastSequence, status, isTerminal }","duration":20.399833,"failureMessages":[],"meta":{},"tags":[]},{"ancestorTitles":["v2 poll-cursor-v2 (RFC 0171 §E.2)"],"fullName":"v2 poll-cursor-v2 (RFC 0171 §E.2) omitting the cursor returns from the first event (sequence 0)","status":"passed","title":"omitting the cursor returns from the first event (sequence 0)","duration":12.563917000000004,"failureMessages":[],"meta":{},"tags":[]},{"ancestorTitles":["v2 poll-cursor-v2 (RFC 0171 §E.2)"],"fullName":"v2 poll-cursor-v2 (RFC 0171 §E.2) afterSequence=N returns only events with sequence > N","status":"passed","title":"afterSequence=N returns only events with sequence > N","duration":28.15883299999996,"failureMessages":[],"meta":{},"tags":[]},{"ancestorTitles":["v2 poll-cursor-v2 (RFC 0171 §E.2)"],"fullName":"v2 poll-cursor-v2 (RFC 0171 §E.2) a cursor past the end of the log returns 200 with an empty events array","status":"passed","title":"a cursor past the end of the log returns 200 with an empty events array","duration":10.042583000000036,"failureMessages":[],"meta":{},"tags":[]}],"startTime":1788489277617,"endTime":1788489277689.0425,"status":"passed","message":"","name":"/Users/davidtufts/dev/openwop-examples-v2/examples/hosts/v2-reference/node_modules/@openwop/openwop-conformance/src/scenarios/v2-poll-cursor-v2.test.ts"},{"assertionResults":[{"ancestorTitles":["v2 preferred-version-default (RFC 0172 §A.1, §A.3)"],"fullName":"v2 preferred-version-default (RFC 0172 §A.1, §A.3) preferredVersion is a member of protocolVersions[]","status":"passed","title":"preferredVersion is a member of protocolVersions[]","duration":3.0527079999999955,"failureMessages":[],"meta":{},"tags":[]},{"ancestorTitles":["v2 preferred-version-default (RFC 0172 §A.1, §A.3)"],"fullName":"v2 preferred-version-default (RFC 0172 §A.1, §A.3) a header-less GET /.well-known/openwop is the preferredVersion representation","status":"passed","title":"a header-less GET /.well-known/openwop is the preferredVersion representation","duration":3.566500000000019,"failureMessages":[],"meta":{},"tags":[]},{"ancestorTitles":["v2 preferred-version-default (RFC 0172 §A.1, §A.3)"],"fullName":"v2 preferred-version-default (RFC 0172 §A.1, §A.3) through the overlap preferredVersion names a 1.x member","status":"passed","title":"through the overlap preferredVersion names a 1.x member","duration":0.947291000000007,"failureMessages":[],"meta":{},"tags":[]}],"startTime":1788489278425,"endTime":1788489278432.9473,"status":"passed","message":"","name":"/Users/davidtufts/dev/openwop-examples-v2/examples/hosts/v2-reference/node_modules/@openwop/openwop-conformance/src/scenarios/v2-preferred-version-default.test.ts"},{"assertionResults":[{"ancestorTitles":["v2 profiles-derived-only (RFC 0169 §C.1, §C.3)"],"fullName":"v2 profiles-derived-only (RFC 0169 §C.1, §C.3) the v2 document carries no root `profiles[]`","status":"passed","title":"the v2 document carries no root `profiles[]`","duration":4.386291,"failureMessages":[],"meta":{},"tags":[]},{"ancestorTitles":["v2 profiles-derived-only (RFC 0169 §C.1, §C.3)"],"fullName":"v2 profiles-derived-only (RFC 0169 §C.1, §C.3) every registry profile is derivable from the document; the discovery-core predicate holds on a valid document","status":"passed","title":"every registry profile is derivable from the document; the discovery-core predicate holds on a valid document","duration":2.6684580000000153,"failureMessages":[],"meta":{},"tags":[]}],"startTime":1788489278729,"endTime":1788489278736.6685,"status":"passed","message":"","name":"/Users/davidtufts/dev/openwop-examples-v2/examples/hosts/v2-reference/node_modules/@openwop/openwop-conformance/src/scenarios/v2-profiles-derived-only.test.ts"},{"assertionResults":[{"ancestorTitles":["v2-provider-conflict (RFC 0177 §D.1)"],"fullName":"v2-provider-conflict (RFC 0177 §D.1) two definitions of one bare provider id fail closed: the later registration is refused with connection_provider_conflict","status":"passed","title":"two definitions of one bare provider id fail closed: the later registration is refused with connection_provider_conflict","duration":7.219250000000017,"failureMessages":[],"meta":{},"tags":[]},{"ancestorTitles":["v2-provider-conflict (RFC 0177 §D.1)"],"fullName":"v2-provider-conflict (RFC 0177 §D.1) the qualified form <packName>#github resolves to the named pack's definition","status":"passed","title":"the qualified form <packName>#github resolves to the named pack's definition","duration":0.5964160000000049,"failureMessages":[],"meta":{},"tags":[]}],"startTime":1788489278366,"endTime":1788489278373.5964,"status":"passed","message":"","name":"/Users/davidtufts/dev/openwop-examples-v2/examples/hosts/v2-reference/node_modules/@openwop/openwop-conformance/src/scenarios/v2-provider-conflict.test.ts"},{"assertionResults":[{"ancestorTitles":["RFC 0175 §D.4 — refresh-sla (unaided; gated on a2a or mcp)"],"fullName":"RFC 0175 §D.4 — refresh-sla (unaided; gated on a2a or mcp) refreshedAt on each embedded-protocol facet is within 90 days of now","status":"passed","title":"refreshedAt on each embedded-protocol facet is within 90 days of now","duration":3.0369169999999883,"failureMessages":[],"meta":{},"tags":[]}],"startTime":1788489278877,"endTime":1788489278880.0369,"status":"passed","message":"","name":"/Users/davidtufts/dev/openwop-examples-v2/examples/hosts/v2-reference/node_modules/@openwop/openwop-conformance/src/scenarios/v2-refresh-sla.test.ts"},{"assertionResults":[{"ancestorTitles":["RFC 0173 §A.2 — relaxation-recorded (unaided, fixture bundle)"],"fullName":"RFC 0173 §A.2 — relaxation-recorded (unaided, fixture bundle) a bundle recording a relaxation cannot certify the relaxed profile","status":"failed","title":"a bundle recording a relaxation cannot certify the relaxed profile","duration":24.283292000000017,"failureMessages":["AssertionError: [openwop-host-v2-reference@2.0.0-rc.1] security-defaults.md §Relaxations: an unrelated profile still certifies — the relaxation is scoped to the obligation it names: expected [] to include 'openwop-discovery-core'\n    at Proxy.<anonymous> (file:///Users/davidtufts/dev/openwop-examples-v2/examples/hosts/v2-reference/node_modules/@vitest/expect/dist/index.js:1319:15)\n    at Proxy.<anonymous> (file:///Users/davidtufts/dev/openwop-examples-v2/examples/hosts/v2-reference/node_modules/@vitest/expect/dist/index.js:1156:15)\n    at Proxy.methodWrapper (file:///Users/davidtufts/dev/openwop-examples-v2/examples/hosts/v2-reference/node_modules/chai/index.js:1700:25)\n    at /Users/davidtufts/dev/openwop-examples-v2/examples/hosts/v2-reference/node_modules/@openwop/openwop-conformance/src/scenarios/v2-relaxation-recorded.test.ts:98:7\n    at file:///Users/davidtufts/dev/openwop-examples-v2/examples/hosts/v2-reference/node_modules/@vitest/runner/dist/chunk-artifact.js:302:11\n    at file:///Users/davidtufts/dev/openwop-examples-v2/examples/hosts/v2-reference/node_modules/@vitest/runner/dist/chunk-artifact.js:1903:26\n    at file:///Users/davidtufts/dev/openwop-examples-v2/examples/hosts/v2-reference/node_modules/@vitest/runner/dist/chunk-artifact.js:2326:20\n    at new Promise (<anonymous>)\n    at runWithCancel (file:///Users/davidtufts/dev/openwop-examples-v2/examples/hosts/v2-reference/node_modules/@vitest/runner/dist/chunk-artifact.js:2323:10)\n    at file:///Users/davidtufts/dev/openwop-examples-v2/examples/hosts/v2-reference/node_modules/@vitest/runner/dist/chunk-artifact.js:2305:20"],"meta":{},"tags":[]},{"ancestorTitles":["RFC 0173 §A.2 — relaxation-recorded (unaided, fixture bundle)"],"fullName":"RFC 0173 §A.2 — relaxation-recorded (unaided, fixture bundle) durability is a closed set: session | deployment | persisted","status":"passed","title":"durability is a closed set: session | deployment | persisted","duration":180.57908400000002,"failureMessages":[],"meta":{},"tags":[]}],"startTime":1788489276258,"endTime":1788489276462.579,"status":"failed","message":"","name":"/Users/davidtufts/dev/openwop-examples-v2/examples/hosts/v2-reference/node_modules/@openwop/openwop-conformance/src/scenarios/v2-relaxation-recorded.test.ts"},{"assertionResults":[{"ancestorTitles":["v2 revocation-honored (RFC 0170 §B.3 — seam-gated)"],"fullName":"v2 revocation-honored (RFC 0170 §B.3 — seam-gated) a revoked next-request credential is refused on the next request with credential_revoked","status":"passed","title":"a revoked next-request credential is refused on the next request with credential_revoked","duration":52.946124999999995,"failureMessages":[],"meta":{},"tags":[]}],"startTime":1788489277638,"endTime":1788489277690.946,"status":"passed","message":"","name":"/Users/davidtufts/dev/openwop-examples-v2/examples/hosts/v2-reference/node_modules/@openwop/openwop-conformance/src/scenarios/v2-revocation-honored.test.ts"},{"assertionResults":[{"ancestorTitles":["v2 subject-link-record (RFC 0170 §C.1 — seam-gated)"],"fullName":"v2 subject-link-record (RFC 0170 §C.1 — seam-gated) the link formed across SCIM and SAML is a closed SubjectLink record","status":"passed","title":"the link formed across SCIM and SAML is a closed SubjectLink record","duration":5.6504170000000045,"failureMessages":[],"meta":{},"tags":[]},{"ancestorTitles":["v2 subject-link-record (RFC 0170 §C.1 — seam-gated)"],"fullName":"v2 subject-link-record (RFC 0170 §C.1 — seam-gated) deactivation sets deniedAt and the SAML decision path consults it","status":"passed","title":"deactivation sets deniedAt and the SAML decision path consults it","duration":1.5288329999999917,"failureMessages":[],"meta":{},"tags":[]}],"startTime":1788489278702,"endTime":1788489278708.5288,"status":"passed","message":"","name":"/Users/davidtufts/dev/openwop-examples-v2/examples/hosts/v2-reference/node_modules/@openwop/openwop-conformance/src/scenarios/v2-subject-link-record.test.ts"},{"assertionResults":[{"ancestorTitles":["RFC 0176 §A.3 — unmapped-type-refused (seam-gated)"],"fullName":"RFC 0176 §A.3 — unmapped-type-refused (seam-gated) poll over a log with an unmapped, unprefixed type fails with 500 event_type_unmapped","status":"passed","title":"poll over a log with an unmapped, unprefixed type fails with 500 event_type_unmapped","duration":32.25091699999999,"failureMessages":[],"meta":{},"tags":[]},{"ancestorTitles":["RFC 0176 §A.3 — unmapped-type-refused (seam-gated)"],"fullName":"RFC 0176 §A.3 — unmapped-type-refused (seam-gated) a fork of the same log is refused for the same reason — the rule binds every reader","status":"passed","title":"a fork of the same log is refused for the same reason — the rule binds every reader","duration":13.597499999999968,"failureMessages":[],"meta":{},"tags":[]}],"startTime":1788489277883,"endTime":1788489277929.5974,"status":"passed","message":"","name":"/Users/davidtufts/dev/openwop-examples-v2/examples/hosts/v2-reference/node_modules/@openwop/openwop-conformance/src/scenarios/v2-unmapped-type-refused.test.ts"},{"assertionResults":[{"ancestorTitles":["RFC 0176 §A.3 — v1-events-translated (seam-gated)"],"fullName":"RFC 0176 §A.3 — v1-events-translated (seam-gated) poll reads an era-2 log with v2 type names and sequence 0 present","status":"passed","title":"poll reads an era-2 log with v2 type names and sequence 0 present","duration":19.891250000000014,"failureMessages":[],"meta":{},"tags":[]},{"ancestorTitles":["RFC 0176 §A.3 — v1-events-translated (seam-gated)"],"fullName":"RFC 0176 §A.3 — v1-events-translated (seam-gated) SSE reads the same era-2 log with v2 type names","status":"passed","title":"SSE reads the same era-2 log with v2 type names","duration":9.869957999999997,"failureMessages":[],"meta":{},"tags":[]},{"ancestorTitles":["RFC 0176 §A.3 — v1-events-translated (seam-gated)"],"fullName":"RFC 0176 §A.3 — v1-events-translated (seam-gated) a fork of the era-2 run reads its inherited prefix with v2 type names","status":"passed","title":"a fork of the era-2 run reads its inherited prefix with v2 type names","duration":13.325707999999963,"failureMessages":[],"meta":{},"tags":[]}],"startTime":1788489277353,"endTime":1788489277396.3257,"status":"passed","message":"","name":"/Users/davidtufts/dev/openwop-examples-v2/examples/hosts/v2-reference/node_modules/@openwop/openwop-conformance/src/scenarios/v2-v1-events-translated.test.ts"},{"assertionResults":[{"ancestorTitles":["RFC 0176 §D.2 — v1-signed-webhook-accepted (gated on webhooks + seams)"],"fullName":"RFC 0176 §D.2 — v1-signed-webhook-accepted (gated on webhooks + seams) the webhooks facet lists scheme \"v1\" — the scheme a v1-signed delivery is verified under","status":"passed","title":"the webhooks facet lists scheme \"v1\" — the scheme a v1-signed delivery is verified under","duration":8.411041000000012,"failureMessages":[],"meta":{},"tags":[]},{"ancestorTitles":["RFC 0176 §D.2 — v1-signed-webhook-accepted (gated on webhooks + seams)"],"fullName":"RFC 0176 §D.2 — v1-signed-webhook-accepted (gated on webhooks + seams) the host's v2 receiver path accepts an X-openwop-*-only scheme-v1 delivery and refuses a tampered one","status":"passed","title":"the host's v2 receiver path accepts an X-openwop-*-only scheme-v1 delivery and refuses a tampered one","duration":11.824624999999997,"failureMessages":[],"meta":{},"tags":[]}],"startTime":1788489277926,"endTime":1788489277945.8247,"status":"passed","message":"","name":"/Users/davidtufts/dev/openwop-examples-v2/examples/hosts/v2-reference/node_modules/@openwop/openwop-conformance/src/scenarios/v2-v1-signed-webhook-accepted.test.ts"},{"assertionResults":[{"ancestorTitles":["RFC 0173 §B — webhook-durable-delivery (gated on webhooks)"],"fullName":"RFC 0173 §B — webhook-durable-delivery (gated on webhooks) a failed attempt is retried and the event is delivered at least once","status":"passed","title":"a failed attempt is retried and the event is delivered at least once","duration":1797.0017919999998,"failureMessages":[],"meta":{},"tags":[]},{"ancestorTitles":["RFC 0173 §B — webhook-durable-delivery (gated on webhooks)"],"fullName":"RFC 0173 §B — webhook-durable-delivery (gated on webhooks) an exhausted delivery is dead-lettered, never dropped","status":"passed","title":"an exhausted delivery is dead-lettered, never dropped","duration":774.009916,"failureMessages":[],"meta":{},"tags":[]}],"startTime":1788489276315,"endTime":1788489278886.01,"status":"passed","message":"","name":"/Users/davidtufts/dev/openwop-examples-v2/examples/hosts/v2-reference/node_modules/@openwop/openwop-conformance/src/scenarios/v2-webhook-durable-delivery.test.ts"},{"assertionResults":[{"ancestorTitles":["RFC 0176 §C — well-known-one-resource (gated on two majors)"],"fullName":"RFC 0176 §C — well-known-one-resource (gated on two majors) a header-less GET and an OpenWOP-Version: 2.0 GET are two representations of one path with equal protocolVersions[]","status":"passed","title":"a header-less GET and an OpenWOP-Version: 2.0 GET are two representations of one path with equal protocolVersions[]","duration":9.771667000000008,"failureMessages":[],"meta":{},"tags":[]},{"ancestorTitles":["RFC 0176 §C — well-known-one-resource (gated on two majors)"],"fullName":"RFC 0176 §C — well-known-one-resource (gated on two majors) the v2 representation carries no `capabilities` wrapper, no dotted `host.*` key, no `profiles[]`, no Capabilities-Etag","status":"passed","title":"the v2 representation carries no `capabilities` wrapper, no dotted `host.*` key, no `profiles[]`, no Capabilities-Etag","duration":3.6931670000000167,"failureMessages":[],"meta":{},"tags":[]}],"startTime":1788489277866,"endTime":1788489277879.693,"status":"passed","message":"","name":"/Users/davidtufts/dev/openwop-examples-v2/examples/hosts/v2-reference/node_modules/@openwop/openwop-conformance/src/scenarios/v2-well-known-one-resource.test.ts"}]}