{"numTotalTestSuites":108,"numPassedTestSuites":108,"numFailedTestSuites":0,"numPendingTestSuites":0,"numTotalTests":229,"numPassedTests":229,"numFailedTests":0,"numPendingTests":0,"numTodoTests":0,"snapshot":{"added":0,"failure":false,"filesAdded":0,"filesRemoved":0,"filesRemovedList":[],"filesUnmatched":0,"filesUpdated":0,"matched":0,"total":0,"unchecked":0,"uncheckedKeysByFile":[],"unmatched":0,"updated":0,"didUpdate":false},"startTime":1788522620714,"success":true,"testResults":[{"assertionResults":[{"ancestorTitles":["fixtures: workflow-definition schema validity"],"fullName":"fixtures: workflow-definition schema validity finds at least one fixture file","status":"passed","title":"finds at least one fixture file","duration":1.2499590000000467,"failureMessages":[],"meta":{},"tags":[]},{"ancestorTitles":["fixtures: workflow-definition schema validity"],"fullName":"fixtures: workflow-definition schema validity conformance-a2a-task-roundtrip.json validates against workflow-definition.schema.json","status":"passed","title":"conformance-a2a-task-roundtrip.json validates against workflow-definition.schema.json","duration":3.510333000000003,"failureMessages":[],"meta":{},"tags":[]},{"ancestorTitles":["fixtures: workflow-definition schema validity"],"fullName":"fixtures: workflow-definition schema validity conformance-agent-channel-dispatch.json validates against workflow-definition.schema.json","status":"passed","title":"conformance-agent-channel-dispatch.json validates against workflow-definition.schema.json","duration":0.7009160000000065,"failureMessages":[],"meta":{},"tags":[]},{"ancestorTitles":["fixtures: workflow-definition schema validity"],"fullName":"fixtures: workflow-definition schema validity conformance-agent-identity.json validates against workflow-definition.schema.json","status":"passed","title":"conformance-agent-identity.json validates against workflow-definition.schema.json","duration":0.30229200000002265,"failureMessages":[],"meta":{},"tags":[]},{"ancestorTitles":["fixtures: workflow-definition schema validity"],"fullName":"fixtures: workflow-definition schema validity conformance-agent-low-confidence.json validates against workflow-definition.schema.json","status":"passed","title":"conformance-agent-low-confidence.json validates against workflow-definition.schema.json","duration":0.29795799999999417,"failureMessages":[],"meta":{},"tags":[]},{"ancestorTitles":["fixtures: workflow-definition schema validity"],"fullName":"fixtures: workflow-definition schema validity conformance-agent-memory-cross-tenant.json validates against workflow-definition.schema.json","status":"passed","title":"conformance-agent-memory-cross-tenant.json validates against workflow-definition.schema.json","duration":0.41604200000000446,"failureMessages":[],"meta":{},"tags":[]},{"ancestorTitles":["fixtures: workflow-definition schema validity"],"fullName":"fixtures: workflow-definition schema validity conformance-agent-memory-injection-budget.json validates against workflow-definition.schema.json","status":"passed","title":"conformance-agent-memory-injection-budget.json validates against workflow-definition.schema.json","duration":1.5409999999999968,"failureMessages":[],"meta":{},"tags":[]},{"ancestorTitles":["fixtures: workflow-definition schema validity"],"fullName":"fixtures: workflow-definition schema validity conformance-agent-memory-redaction.json validates against workflow-definition.schema.json","status":"passed","title":"conformance-agent-memory-redaction.json validates against workflow-definition.schema.json","duration":0.28395799999998417,"failureMessages":[],"meta":{},"tags":[]},{"ancestorTitles":["fixtures: workflow-definition schema validity"],"fullName":"fixtures: workflow-definition schema validity conformance-agent-memory-roundtrip.json validates against workflow-definition.schema.json","status":"passed","title":"conformance-agent-memory-roundtrip.json validates against workflow-definition.schema.json","duration":2.0794159999999806,"failureMessages":[],"meta":{},"tags":[]},{"ancestorTitles":["fixtures: workflow-definition schema validity"],"fullName":"fixtures: workflow-definition schema validity conformance-agent-memory-ttl.json validates against workflow-definition.schema.json","status":"passed","title":"conformance-agent-memory-ttl.json validates against workflow-definition.schema.json","duration":0.6568750000000136,"failureMessages":[],"meta":{},"tags":[]},{"ancestorTitles":["fixtures: workflow-definition schema validity"],"fullName":"fixtures: workflow-definition schema validity conformance-agent-pack-export.json validates against workflow-definition.schema.json","status":"passed","title":"conformance-agent-pack-export.json validates against workflow-definition.schema.json","duration":0.29291699999998855,"failureMessages":[],"meta":{},"tags":[]},{"ancestorTitles":["fixtures: workflow-definition schema validity"],"fullName":"fixtures: workflow-definition schema validity conformance-agent-pack-handoff-schema-validation.json validates against workflow-definition.schema.json","status":"passed","title":"conformance-agent-pack-handoff-schema-validation.json validates against workflow-definition.schema.json","duration":0.2409579999999778,"failureMessages":[],"meta":{},"tags":[]},{"ancestorTitles":["fixtures: workflow-definition schema validity"],"fullName":"fixtures: workflow-definition schema validity conformance-agent-pack-install.json validates against workflow-definition.schema.json","status":"passed","title":"conformance-agent-pack-install.json validates against workflow-definition.schema.json","duration":0.20425000000000182,"failureMessages":[],"meta":{},"tags":[]},{"ancestorTitles":["fixtures: workflow-definition schema validity"],"fullName":"fixtures: workflow-definition schema validity conformance-agent-pack-provenance.json validates against workflow-definition.schema.json","status":"passed","title":"conformance-agent-pack-provenance.json validates against workflow-definition.schema.json","duration":0.18358299999999872,"failureMessages":[],"meta":{},"tags":[]},{"ancestorTitles":["fixtures: workflow-definition schema validity"],"fullName":"fixtures: workflow-definition schema validity conformance-agent-reasoning-streaming.json validates against workflow-definition.schema.json","status":"passed","title":"conformance-agent-reasoning-streaming.json validates against workflow-definition.schema.json","duration":0.26175000000000637,"failureMessages":[],"meta":{},"tags":[]},{"ancestorTitles":["fixtures: workflow-definition schema validity"],"fullName":"fixtures: workflow-definition schema validity conformance-agent-reasoning.json validates against workflow-definition.schema.json","status":"passed","title":"conformance-agent-reasoning.json validates against workflow-definition.schema.json","duration":0.430499999999995,"failureMessages":[],"meta":{},"tags":[]},{"ancestorTitles":["fixtures: workflow-definition schema validity"],"fullName":"fixtures: workflow-definition schema validity conformance-approval.json validates against workflow-definition.schema.json","status":"passed","title":"conformance-approval.json validates against workflow-definition.schema.json","duration":0.22325000000000728,"failureMessages":[],"meta":{},"tags":[]},{"ancestorTitles":["fixtures: workflow-definition schema validity"],"fullName":"fixtures: workflow-definition schema validity conformance-cancellable.json validates against workflow-definition.schema.json","status":"passed","title":"conformance-cancellable.json validates against workflow-definition.schema.json","duration":0.31604099999998425,"failureMessages":[],"meta":{},"tags":[]},{"ancestorTitles":["fixtures: workflow-definition schema validity"],"fullName":"fixtures: workflow-definition schema validity conformance-cap-breach.json validates against workflow-definition.schema.json","status":"passed","title":"conformance-cap-breach.json validates against workflow-definition.schema.json","duration":0.4134999999999991,"failureMessages":[],"meta":{},"tags":[]},{"ancestorTitles":["fixtures: workflow-definition schema validity"],"fullName":"fixtures: workflow-definition schema validity conformance-capability-missing.json validates against workflow-definition.schema.json","status":"passed","title":"conformance-capability-missing.json validates against workflow-definition.schema.json","duration":0.22199999999998,"failureMessages":[],"meta":{},"tags":[]},{"ancestorTitles":["fixtures: workflow-definition schema validity"],"fullName":"fixtures: workflow-definition schema validity conformance-channel-ttl.json validates against workflow-definition.schema.json","status":"passed","title":"conformance-channel-ttl.json validates against workflow-definition.schema.json","duration":0.31183400000003303,"failureMessages":[],"meta":{},"tags":[]},{"ancestorTitles":["fixtures: workflow-definition schema validity"],"fullName":"fixtures: workflow-definition schema validity conformance-clarification.json validates against workflow-definition.schema.json","status":"passed","title":"conformance-clarification.json validates against workflow-definition.schema.json","duration":0.196124999999995,"failureMessages":[],"meta":{},"tags":[]},{"ancestorTitles":["fixtures: workflow-definition schema validity"],"fullName":"fixtures: workflow-definition schema validity conformance-configurable-schema.json validates against workflow-definition.schema.json","status":"passed","title":"conformance-configurable-schema.json validates against workflow-definition.schema.json","duration":0.20287499999994907,"failureMessages":[],"meta":{},"tags":[]},{"ancestorTitles":["fixtures: workflow-definition schema validity"],"fullName":"fixtures: workflow-definition schema validity conformance-context-budget-multiturn.json validates against workflow-definition.schema.json","status":"passed","title":"conformance-context-budget-multiturn.json validates against workflow-definition.schema.json","duration":0.22233400000004622,"failureMessages":[],"meta":{},"tags":[]},{"ancestorTitles":["fixtures: workflow-definition schema validity"],"fullName":"fixtures: workflow-definition schema validity conformance-conversation-capability-negotiation.json validates against workflow-definition.schema.json","status":"passed","title":"conformance-conversation-capability-negotiation.json validates against workflow-definition.schema.json","duration":0.17062500000002956,"failureMessages":[],"meta":{},"tags":[]},{"ancestorTitles":["fixtures: workflow-definition schema validity"],"fullName":"fixtures: workflow-definition schema validity conformance-conversation-lifecycle.json validates against workflow-definition.schema.json","status":"passed","title":"conformance-conversation-lifecycle.json validates against workflow-definition.schema.json","duration":0.44437499999997954,"failureMessages":[],"meta":{},"tags":[]},{"ancestorTitles":["fixtures: workflow-definition schema validity"],"fullName":"fixtures: workflow-definition schema validity conformance-conversation-replay.json validates against workflow-definition.schema.json","status":"passed","title":"conformance-conversation-replay.json validates against workflow-definition.schema.json","duration":0.25091699999995853,"failureMessages":[],"meta":{},"tags":[]},{"ancestorTitles":["fixtures: workflow-definition schema validity"],"fullName":"fixtures: workflow-definition schema validity conformance-conversation-vs-clarification.json validates against workflow-definition.schema.json","status":"passed","title":"conformance-conversation-vs-clarification.json validates against workflow-definition.schema.json","duration":0.1630840000000262,"failureMessages":[],"meta":{},"tags":[]},{"ancestorTitles":["fixtures: workflow-definition schema validity"],"fullName":"fixtures: workflow-definition schema validity conformance-delay.json validates against workflow-definition.schema.json","status":"passed","title":"conformance-delay.json validates against workflow-definition.schema.json","duration":0.16445800000002464,"failureMessages":[],"meta":{},"tags":[]},{"ancestorTitles":["fixtures: workflow-definition schema validity"],"fullName":"fixtures: workflow-definition schema validity conformance-dispatch-cancellable-child.json validates against workflow-definition.schema.json","status":"passed","title":"conformance-dispatch-cancellable-child.json validates against workflow-definition.schema.json","duration":0.17895799999996598,"failureMessages":[],"meta":{},"tags":[]},{"ancestorTitles":["fixtures: workflow-definition schema validity"],"fullName":"fixtures: workflow-definition schema validity conformance-dispatch-cross-worker-handoff-child-a.json validates against workflow-definition.schema.json","status":"passed","title":"conformance-dispatch-cross-worker-handoff-child-a.json validates against workflow-definition.schema.json","duration":0.20679100000000972,"failureMessages":[],"meta":{},"tags":[]},{"ancestorTitles":["fixtures: workflow-definition schema validity"],"fullName":"fixtures: workflow-definition schema validity conformance-dispatch-cross-worker-handoff-child-b.json validates against workflow-definition.schema.json","status":"passed","title":"conformance-dispatch-cross-worker-handoff-child-b.json validates against workflow-definition.schema.json","duration":0.20558299999999008,"failureMessages":[],"meta":{},"tags":[]},{"ancestorTitles":["fixtures: workflow-definition schema validity"],"fullName":"fixtures: workflow-definition schema validity conformance-dispatch-cross-worker-handoff.json validates against workflow-definition.schema.json","status":"passed","title":"conformance-dispatch-cross-worker-handoff.json validates against workflow-definition.schema.json","duration":0.26249999999998863,"failureMessages":[],"meta":{},"tags":[]},{"ancestorTitles":["fixtures: workflow-definition schema validity"],"fullName":"fixtures: workflow-definition schema validity conformance-dispatch-deterministic-fail-child.json validates against workflow-definition.schema.json","status":"passed","title":"conformance-dispatch-deterministic-fail-child.json validates against workflow-definition.schema.json","duration":0.40937500000001137,"failureMessages":[],"meta":{},"tags":[]},{"ancestorTitles":["fixtures: workflow-definition schema validity"],"fullName":"fixtures: workflow-definition schema validity conformance-dispatch-input-mapping-child.json validates against workflow-definition.schema.json","status":"passed","title":"conformance-dispatch-input-mapping-child.json validates against workflow-definition.schema.json","duration":0.163250000000005,"failureMessages":[],"meta":{},"tags":[]},{"ancestorTitles":["fixtures: workflow-definition schema validity"],"fullName":"fixtures: workflow-definition schema validity conformance-dispatch-input-mapping-no-default.json validates against workflow-definition.schema.json","status":"passed","title":"conformance-dispatch-input-mapping-no-default.json validates against workflow-definition.schema.json","duration":0.1654999999999518,"failureMessages":[],"meta":{},"tags":[]},{"ancestorTitles":["fixtures: workflow-definition schema validity"],"fullName":"fixtures: workflow-definition schema validity conformance-dispatch-input-mapping.json validates against workflow-definition.schema.json","status":"passed","title":"conformance-dispatch-input-mapping.json validates against workflow-definition.schema.json","duration":0.24370799999996962,"failureMessages":[],"meta":{},"tags":[]},{"ancestorTitles":["fixtures: workflow-definition schema validity"],"fullName":"fixtures: workflow-definition schema validity conformance-dispatch-loop.json validates against workflow-definition.schema.json","status":"passed","title":"conformance-dispatch-loop.json validates against workflow-definition.schema.json","duration":0.150416000000007,"failureMessages":[],"meta":{},"tags":[]},{"ancestorTitles":["fixtures: workflow-definition schema validity"],"fullName":"fixtures: workflow-definition schema validity conformance-dispatch-output-mapping-child.json validates against workflow-definition.schema.json","status":"passed","title":"conformance-dispatch-output-mapping-child.json validates against workflow-definition.schema.json","duration":0.13291700000002038,"failureMessages":[],"meta":{},"tags":[]},{"ancestorTitles":["fixtures: workflow-definition schema validity"],"fullName":"fixtures: workflow-definition schema validity conformance-dispatch-output-mapping.json validates against workflow-definition.schema.json","status":"passed","title":"conformance-dispatch-output-mapping.json validates against workflow-definition.schema.json","duration":0.2007080000000201,"failureMessages":[],"meta":{},"tags":[]},{"ancestorTitles":["fixtures: workflow-definition schema validity"],"fullName":"fixtures: workflow-definition schema validity conformance-dispatch-per-worker-override.json validates against workflow-definition.schema.json","status":"passed","title":"conformance-dispatch-per-worker-override.json validates against workflow-definition.schema.json","duration":0.21616599999998698,"failureMessages":[],"meta":{},"tags":[]},{"ancestorTitles":["fixtures: workflow-definition schema validity"],"fullName":"fixtures: workflow-definition schema validity conformance-envelope-nl-to-format-engaged.json validates against workflow-definition.schema.json","status":"passed","title":"conformance-envelope-nl-to-format-engaged.json validates against workflow-definition.schema.json","duration":0.21504199999998264,"failureMessages":[],"meta":{},"tags":[]},{"ancestorTitles":["fixtures: workflow-definition schema validity"],"fullName":"fixtures: workflow-definition schema validity conformance-envelope-recovery-applied.json validates against workflow-definition.schema.json","status":"passed","title":"conformance-envelope-recovery-applied.json validates against workflow-definition.schema.json","duration":0.19483400000001438,"failureMessages":[],"meta":{},"tags":[]},{"ancestorTitles":["fixtures: workflow-definition schema validity"],"fullName":"fixtures: workflow-definition schema validity conformance-envelope-refusal.json validates against workflow-definition.schema.json","status":"passed","title":"conformance-envelope-refusal.json validates against workflow-definition.schema.json","duration":0.20966700000002447,"failureMessages":[],"meta":{},"tags":[]},{"ancestorTitles":["fixtures: workflow-definition schema validity"],"fullName":"fixtures: workflow-definition schema validity conformance-envelope-retry-attempted.json validates against workflow-definition.schema.json","status":"passed","title":"conformance-envelope-retry-attempted.json validates against workflow-definition.schema.json","duration":0.180499999999995,"failureMessages":[],"meta":{},"tags":[]},{"ancestorTitles":["fixtures: workflow-definition schema validity"],"fullName":"fixtures: workflow-definition schema validity conformance-envelope-retry-exhausted.json validates against workflow-definition.schema.json","status":"passed","title":"conformance-envelope-retry-exhausted.json validates against workflow-definition.schema.json","duration":0.20241599999997106,"failureMessages":[],"meta":{},"tags":[]},{"ancestorTitles":["fixtures: workflow-definition schema validity"],"fullName":"fixtures: workflow-definition schema validity conformance-envelope-truncated.json validates against workflow-definition.schema.json","status":"passed","title":"conformance-envelope-truncated.json validates against workflow-definition.schema.json","duration":0.2244580000000269,"failureMessages":[],"meta":{},"tags":[]},{"ancestorTitles":["fixtures: workflow-definition schema validity"],"fullName":"fixtures: workflow-definition schema validity conformance-envelope-truncation-cap-exhaustion.json validates against workflow-definition.schema.json","status":"passed","title":"conformance-envelope-truncation-cap-exhaustion.json validates against workflow-definition.schema.json","duration":0.19854200000003175,"failureMessages":[],"meta":{},"tags":[]},{"ancestorTitles":["fixtures: workflow-definition schema validity"],"fullName":"fixtures: workflow-definition schema validity conformance-failure.json validates against workflow-definition.schema.json","status":"passed","title":"conformance-failure.json validates against workflow-definition.schema.json","duration":0.1676249999999868,"failureMessages":[],"meta":{},"tags":[]},{"ancestorTitles":["fixtures: workflow-definition schema validity"],"fullName":"fixtures: workflow-definition schema validity conformance-idempotent.json validates against workflow-definition.schema.json","status":"passed","title":"conformance-idempotent.json validates against workflow-definition.schema.json","duration":0.20375000000001364,"failureMessages":[],"meta":{},"tags":[]},{"ancestorTitles":["fixtures: workflow-definition schema validity"],"fullName":"fixtures: workflow-definition schema validity conformance-identity.json validates against workflow-definition.schema.json","status":"passed","title":"conformance-identity.json validates against workflow-definition.schema.json","duration":0.19262499999996407,"failureMessages":[],"meta":{},"tags":[]},{"ancestorTitles":["fixtures: workflow-definition schema validity"],"fullName":"fixtures: workflow-definition schema validity conformance-interrupt-auth-required.json validates against workflow-definition.schema.json","status":"passed","title":"conformance-interrupt-auth-required.json validates against workflow-definition.schema.json","duration":0.15837500000003502,"failureMessages":[],"meta":{},"tags":[]},{"ancestorTitles":["fixtures: workflow-definition schema validity"],"fullName":"fixtures: workflow-definition schema validity conformance-interrupt-external-event.json validates against workflow-definition.schema.json","status":"passed","title":"conformance-interrupt-external-event.json validates against workflow-definition.schema.json","duration":0.1764999999999759,"failureMessages":[],"meta":{},"tags":[]},{"ancestorTitles":["fixtures: workflow-definition schema validity"],"fullName":"fixtures: workflow-definition schema validity conformance-interrupt-parent-child-cancel-child.json validates against workflow-definition.schema.json","status":"passed","title":"conformance-interrupt-parent-child-cancel-child.json validates against workflow-definition.schema.json","duration":0.1739170000000172,"failureMessages":[],"meta":{},"tags":[]},{"ancestorTitles":["fixtures: workflow-definition schema validity"],"fullName":"fixtures: workflow-definition schema validity conformance-interrupt-parent-child-cancel.json validates against workflow-definition.schema.json","status":"passed","title":"conformance-interrupt-parent-child-cancel.json validates against workflow-definition.schema.json","duration":0.15816699999999173,"failureMessages":[],"meta":{},"tags":[]},{"ancestorTitles":["fixtures: workflow-definition schema validity"],"fullName":"fixtures: workflow-definition schema validity conformance-interrupt-quorum.json validates against workflow-definition.schema.json","status":"passed","title":"conformance-interrupt-quorum.json validates against workflow-definition.schema.json","duration":0.16645899999997482,"failureMessages":[],"meta":{},"tags":[]},{"ancestorTitles":["fixtures: workflow-definition schema validity"],"fullName":"fixtures: workflow-definition schema validity conformance-mcp-tool-roundtrip.json validates against workflow-definition.schema.json","status":"passed","title":"conformance-mcp-tool-roundtrip.json validates against workflow-definition.schema.json","duration":0.181666000000007,"failureMessages":[],"meta":{},"tags":[]},{"ancestorTitles":["fixtures: workflow-definition schema validity"],"fullName":"fixtures: workflow-definition schema validity conformance-message-reducer.json validates against workflow-definition.schema.json","status":"passed","title":"conformance-message-reducer.json validates against workflow-definition.schema.json","duration":0.20008300000000645,"failureMessages":[],"meta":{},"tags":[]},{"ancestorTitles":["fixtures: workflow-definition schema validity"],"fullName":"fixtures: workflow-definition schema validity conformance-model-capability-insufficient.json validates against workflow-definition.schema.json","status":"passed","title":"conformance-model-capability-insufficient.json validates against workflow-definition.schema.json","duration":0.18062499999996362,"failureMessages":[],"meta":{},"tags":[]},{"ancestorTitles":["fixtures: workflow-definition schema validity"],"fullName":"fixtures: workflow-definition schema validity conformance-multi-agent-confidence-escalation.json validates against workflow-definition.schema.json","status":"passed","title":"conformance-multi-agent-confidence-escalation.json validates against workflow-definition.schema.json","duration":0.168042000000014,"failureMessages":[],"meta":{},"tags":[]},{"ancestorTitles":["fixtures: workflow-definition schema validity"],"fullName":"fixtures: workflow-definition schema validity conformance-multi-agent-handoff-child.json validates against workflow-definition.schema.json","status":"passed","title":"conformance-multi-agent-handoff-child.json validates against workflow-definition.schema.json","duration":0.17275000000000773,"failureMessages":[],"meta":{},"tags":[]},{"ancestorTitles":["fixtures: workflow-definition schema validity"],"fullName":"fixtures: workflow-definition schema validity conformance-multi-agent-handoff.json validates against workflow-definition.schema.json","status":"passed","title":"conformance-multi-agent-handoff.json validates against workflow-definition.schema.json","duration":0.1659590000000435,"failureMessages":[],"meta":{},"tags":[]},{"ancestorTitles":["fixtures: workflow-definition schema validity"],"fullName":"fixtures: workflow-definition schema validity conformance-multi-node.json validates against workflow-definition.schema.json","status":"passed","title":"conformance-multi-node.json validates against workflow-definition.schema.json","duration":0.17479100000002745,"failureMessages":[],"meta":{},"tags":[]},{"ancestorTitles":["fixtures: workflow-definition schema validity"],"fullName":"fixtures: workflow-definition schema validity conformance-noop.json validates against workflow-definition.schema.json","status":"passed","title":"conformance-noop.json validates against workflow-definition.schema.json","duration":0.15204199999999446,"failureMessages":[],"meta":{},"tags":[]},{"ancestorTitles":["fixtures: workflow-definition schema validity"],"fullName":"fixtures: workflow-definition schema validity conformance-orchestrator-dispatch.json validates against workflow-definition.schema.json","status":"passed","title":"conformance-orchestrator-dispatch.json validates against workflow-definition.schema.json","duration":0.16250000000002274,"failureMessages":[],"meta":{},"tags":[]},{"ancestorTitles":["fixtures: workflow-definition schema validity"],"fullName":"fixtures: workflow-definition schema validity conformance-orchestrator-low-confidence.json validates against workflow-definition.schema.json","status":"passed","title":"conformance-orchestrator-low-confidence.json validates against workflow-definition.schema.json","duration":0.1526670000000081,"failureMessages":[],"meta":{},"tags":[]},{"ancestorTitles":["fixtures: workflow-definition schema validity"],"fullName":"fixtures: workflow-definition schema validity conformance-orchestrator-terminate.json validates against workflow-definition.schema.json","status":"passed","title":"conformance-orchestrator-terminate.json validates against workflow-definition.schema.json","duration":0.17495800000000372,"failureMessages":[],"meta":{},"tags":[]},{"ancestorTitles":["fixtures: workflow-definition schema validity"],"fullName":"fixtures: workflow-definition schema validity conformance-phase4-nondet-tool.json validates against workflow-definition.schema.json","status":"passed","title":"conformance-phase4-nondet-tool.json validates against workflow-definition.schema.json","duration":0.19370799999995825,"failureMessages":[],"meta":{},"tags":[]},{"ancestorTitles":["fixtures: workflow-definition schema validity"],"fullName":"fixtures: workflow-definition schema validity conformance-phase4-replay-divergence.json validates against workflow-definition.schema.json","status":"passed","title":"conformance-phase4-replay-divergence.json validates against workflow-definition.schema.json","duration":0.20920799999998962,"failureMessages":[],"meta":{},"tags":[]},{"ancestorTitles":["fixtures: workflow-definition schema validity"],"fullName":"fixtures: workflow-definition schema validity conformance-prompt-all-four-kinds.json validates against workflow-definition.schema.json","status":"passed","title":"conformance-prompt-all-four-kinds.json validates against workflow-definition.schema.json","duration":0.150874999999985,"failureMessages":[],"meta":{},"tags":[]},{"ancestorTitles":["fixtures: workflow-definition schema validity"],"fullName":"fixtures: workflow-definition schema validity conformance-prompt-end-to-end.json validates against workflow-definition.schema.json","status":"passed","title":"conformance-prompt-end-to-end.json validates against workflow-definition.schema.json","duration":0.16345799999999144,"failureMessages":[],"meta":{},"tags":[]},{"ancestorTitles":["fixtures: workflow-definition schema validity"],"fullName":"fixtures: workflow-definition schema validity conformance-replay-side-effect.json validates against workflow-definition.schema.json","status":"passed","title":"conformance-replay-side-effect.json validates against workflow-definition.schema.json","duration":0.2773339999999962,"failureMessages":[],"meta":{},"tags":[]},{"ancestorTitles":["fixtures: workflow-definition schema validity"],"fullName":"fixtures: workflow-definition schema validity conformance-run-duration-breach.json validates against workflow-definition.schema.json","status":"passed","title":"conformance-run-duration-breach.json validates against workflow-definition.schema.json","duration":0.20783299999999372,"failureMessages":[],"meta":{},"tags":[]},{"ancestorTitles":["fixtures: workflow-definition schema validity"],"fullName":"fixtures: workflow-definition schema validity conformance-stream-text.json validates against workflow-definition.schema.json","status":"passed","title":"conformance-stream-text.json validates against workflow-definition.schema.json","duration":0.2754590000000121,"failureMessages":[],"meta":{},"tags":[]},{"ancestorTitles":["fixtures: workflow-definition schema validity"],"fullName":"fixtures: workflow-definition schema validity conformance-subworkflow-child.json validates against workflow-definition.schema.json","status":"passed","title":"conformance-subworkflow-child.json validates against workflow-definition.schema.json","duration":0.15229100000004792,"failureMessages":[],"meta":{},"tags":[]},{"ancestorTitles":["fixtures: workflow-definition schema validity"],"fullName":"fixtures: workflow-definition schema validity conformance-subworkflow-input-mapping-child.json validates against workflow-definition.schema.json","status":"passed","title":"conformance-subworkflow-input-mapping-child.json validates against workflow-definition.schema.json","duration":0.14016699999996263,"failureMessages":[],"meta":{},"tags":[]},{"ancestorTitles":["fixtures: workflow-definition schema validity"],"fullName":"fixtures: workflow-definition schema validity conformance-subworkflow-input-mapping-no-default.json validates against workflow-definition.schema.json","status":"passed","title":"conformance-subworkflow-input-mapping-no-default.json validates against workflow-definition.schema.json","duration":0.18358299999999872,"failureMessages":[],"meta":{},"tags":[]},{"ancestorTitles":["fixtures: workflow-definition schema validity"],"fullName":"fixtures: workflow-definition schema validity conformance-subworkflow-input-mapping.json validates against workflow-definition.schema.json","status":"passed","title":"conformance-subworkflow-input-mapping.json validates against workflow-definition.schema.json","duration":0.1592499999999859,"failureMessages":[],"meta":{},"tags":[]},{"ancestorTitles":["fixtures: workflow-definition schema validity"],"fullName":"fixtures: workflow-definition schema validity conformance-subworkflow-mid-run-mutation-child.json validates against workflow-definition.schema.json","status":"passed","title":"conformance-subworkflow-mid-run-mutation-child.json validates against workflow-definition.schema.json","duration":0.14391700000004448,"failureMessages":[],"meta":{},"tags":[]},{"ancestorTitles":["fixtures: workflow-definition schema validity"],"fullName":"fixtures: workflow-definition schema validity conformance-subworkflow-mid-run-mutation.json validates against workflow-definition.schema.json","status":"passed","title":"conformance-subworkflow-mid-run-mutation.json validates against workflow-definition.schema.json","duration":0.13404199999996536,"failureMessages":[],"meta":{},"tags":[]},{"ancestorTitles":["fixtures: workflow-definition schema validity"],"fullName":"fixtures: workflow-definition schema validity conformance-subworkflow-parent.json validates against workflow-definition.schema.json","status":"passed","title":"conformance-subworkflow-parent.json validates against workflow-definition.schema.json","duration":0.14370800000000372,"failureMessages":[],"meta":{},"tags":[]},{"ancestorTitles":["fixtures: workflow-definition schema validity"],"fullName":"fixtures: workflow-definition schema validity conformance-version-fold.json validates against workflow-definition.schema.json","status":"passed","title":"conformance-version-fold.json validates against workflow-definition.schema.json","duration":0.17833300000000918,"failureMessages":[],"meta":{},"tags":[]},{"ancestorTitles":["fixtures: workflow-definition schema validity"],"fullName":"fixtures: workflow-definition schema validity conformance-wasm-pack-memory-cap-breach.json validates against workflow-definition.schema.json","status":"passed","title":"conformance-wasm-pack-memory-cap-breach.json validates against workflow-definition.schema.json","duration":0.19029199999999946,"failureMessages":[],"meta":{},"tags":[]},{"ancestorTitles":["fixtures: workflow-definition schema validity"],"fullName":"fixtures: workflow-definition schema validity conformance-wasm-pack-roundtrip.json validates against workflow-definition.schema.json","status":"passed","title":"conformance-wasm-pack-roundtrip.json validates against workflow-definition.schema.json","duration":0.16391699999996945,"failureMessages":[],"meta":{},"tags":[]},{"ancestorTitles":["fixtures: workflow-definition schema validity"],"fullName":"fixtures: workflow-definition schema validity conformance-workflow-variable-format-advisory.json validates against workflow-definition.schema.json","status":"passed","title":"conformance-workflow-variable-format-advisory.json validates against workflow-definition.schema.json","duration":0.21366699999998673,"failureMessages":[],"meta":{},"tags":[]},{"ancestorTitles":["fixtures: workflow-definition schema validity"],"fullName":"fixtures: workflow-definition schema validity openwop-smoke-byok-roundtrip.json validates against workflow-definition.schema.json","status":"passed","title":"openwop-smoke-byok-roundtrip.json validates against workflow-definition.schema.json","duration":0.2154170000000022,"failureMessages":[],"meta":{},"tags":[]},{"ancestorTitles":["fixtures: workflow-definition schema validity"],"fullName":"fixtures: workflow-definition schema validity openwop-smoke-cost-emit.json validates against workflow-definition.schema.json","status":"passed","title":"openwop-smoke-cost-emit.json validates against workflow-definition.schema.json","duration":0.16808299999996734,"failureMessages":[],"meta":{},"tags":[]},{"ancestorTitles":["fixtures: workflow-definition schema validity"],"fullName":"fixtures: workflow-definition schema validity every fixture id matches its filename","status":"passed","title":"every fixture id matches its filename","duration":3.441500000000019,"failureMessages":[],"meta":{},"tags":[]},{"ancestorTitles":["fixtures: workflow-definition schema validity"],"fullName":"fixtures: workflow-definition schema validity every fixture has a manual trigger so the conformance driver can start it","status":"passed","title":"every fixture has a manual trigger so the conformance driver can start it","duration":3.317333000000019,"failureMessages":[],"meta":{},"tags":[]},{"ancestorTitles":["fixtures: node-pack-manifest schema validity"],"fullName":"fixtures: node-pack-manifest schema validity finds at least one pack-manifest fixture (private-scope coverage)","status":"passed","title":"finds at least one pack-manifest fixture (private-scope coverage)","duration":0.15937500000001137,"failureMessages":[],"meta":{},"tags":[]},{"ancestorTitles":["fixtures: node-pack-manifest schema validity"],"fullName":"fixtures: node-pack-manifest schema validity pack-manifests/pack-private-example.json validates against its kind's manifest schema","status":"passed","title":"pack-manifests/pack-private-example.json validates against its kind's manifest schema","duration":1.4834999999999923,"failureMessages":[],"meta":{},"tags":[]},{"ancestorTitles":["fixtures: node-pack-manifest schema validity"],"fullName":"fixtures: node-pack-manifest schema validity pack-manifests/workflow-chain-sample.pack.json validates against its kind's manifest schema","status":"passed","title":"pack-manifests/workflow-chain-sample.pack.json validates against its kind's manifest schema","duration":5.37579199999999,"failureMessages":[],"meta":{},"tags":[]},{"ancestorTitles":["fixtures: node-pack-manifest schema validity"],"fullName":"fixtures: node-pack-manifest schema validity the private-scope fixture exercises the v1.0 private-pack pattern","status":"passed","title":"the private-scope fixture exercises the v1.0 private-pack pattern","duration":0.2837499999999977,"failureMessages":[],"meta":{},"tags":[]},{"ancestorTitles":["fixtures: connection-pack-manifest schema validity"],"fullName":"fixtures: connection-pack-manifest schema validity finds at least one connection-pack fixture (RFC 0095 coverage)","status":"passed","title":"finds at least one connection-pack fixture (RFC 0095 coverage)","duration":0.10066599999998971,"failureMessages":[],"meta":{},"tags":[]},{"ancestorTitles":["fixtures: connection-pack-manifest schema validity"],"fullName":"fixtures: connection-pack-manifest schema validity connection-packs/connection-pack-apihosts-valid.json validates against connection-pack-manifest.schema.json","status":"passed","title":"connection-packs/connection-pack-apihosts-valid.json validates against connection-pack-manifest.schema.json","duration":1.6323749999999677,"failureMessages":[],"meta":{},"tags":[]},{"ancestorTitles":["fixtures: connection-pack-manifest schema validity"],"fullName":"fixtures: connection-pack-manifest schema validity connection-packs/connection-pack-github.json validates against connection-pack-manifest.schema.json","status":"passed","title":"connection-packs/connection-pack-github.json validates against connection-pack-manifest.schema.json","duration":0.2504999999999882,"failureMessages":[],"meta":{},"tags":[]},{"ancestorTitles":["fixtures: trigger-event + registration schema validity"],"fullName":"fixtures: trigger-event + registration schema validity finds at least one trigger-event fixture (RFC 0099 coverage)","status":"passed","title":"finds at least one trigger-event fixture (RFC 0099 coverage)","duration":0.10554100000001654,"failureMessages":[],"meta":{},"tags":[]},{"ancestorTitles":["fixtures: trigger-event + registration schema validity"],"fullName":"fixtures: trigger-event + registration schema validity trigger-events/trigger-event-change.json validates against its schema","status":"passed","title":"trigger-events/trigger-event-change.json validates against its schema","duration":1.2883750000000305,"failureMessages":[],"meta":{},"tags":[]},{"ancestorTitles":["fixtures: trigger-event + registration schema validity"],"fullName":"fixtures: trigger-event + registration schema validity trigger-events/trigger-event-email.json validates against its schema","status":"passed","title":"trigger-events/trigger-event-email.json validates against its schema","duration":0.5745830000000183,"failureMessages":[],"meta":{},"tags":[]},{"ancestorTitles":["fixtures: trigger-event + registration schema validity"],"fullName":"fixtures: trigger-event + registration schema validity trigger-events/trigger-event-stream.json validates against its schema","status":"passed","title":"trigger-events/trigger-event-stream.json validates against its schema","duration":0.22341699999998355,"failureMessages":[],"meta":{},"tags":[]},{"ancestorTitles":["fixtures: trigger-event + registration schema validity"],"fullName":"fixtures: trigger-event + registration schema validity trigger-events/trigger-subscription-registration-email.json validates against its schema","status":"passed","title":"trigger-events/trigger-subscription-registration-email.json validates against its schema","duration":0.33941700000002584,"failureMessages":[],"meta":{},"tags":[]},{"ancestorTitles":["fixtures: prompt-template schema validity"],"fullName":"fixtures: prompt-template schema validity finds at least one prompt-template fixture","status":"passed","title":"finds at least one prompt-template fixture","duration":0.11191700000000537,"failureMessages":[],"meta":{},"tags":[]},{"ancestorTitles":["fixtures: prompt-template schema validity"],"fullName":"fixtures: prompt-template schema validity prompt-templates/conformance-prompt-few-shot-2.json validates against prompt-template.schema.json","status":"passed","title":"prompt-templates/conformance-prompt-few-shot-2.json validates against prompt-template.schema.json","duration":0.7642079999999964,"failureMessages":[],"meta":{},"tags":[]},{"ancestorTitles":["fixtures: prompt-template schema validity"],"fullName":"fixtures: prompt-template schema validity prompt-templates/conformance-prompt-few-shot.json validates against prompt-template.schema.json","status":"passed","title":"prompt-templates/conformance-prompt-few-shot.json validates against prompt-template.schema.json","duration":0.4952920000000063,"failureMessages":[],"meta":{},"tags":[]},{"ancestorTitles":["fixtures: prompt-template schema validity"],"fullName":"fixtures: prompt-template schema validity prompt-templates/conformance-prompt-schema-hint.json validates against prompt-template.schema.json","status":"passed","title":"prompt-templates/conformance-prompt-schema-hint.json validates against prompt-template.schema.json","duration":0.20720799999998007,"failureMessages":[],"meta":{},"tags":[]},{"ancestorTitles":["fixtures: prompt-template schema validity"],"fullName":"fixtures: prompt-template schema validity prompt-templates/conformance-prompt-secret-redaction.json validates against prompt-template.schema.json","status":"passed","title":"prompt-templates/conformance-prompt-secret-redaction.json validates against prompt-template.schema.json","duration":0.26354199999997263,"failureMessages":[],"meta":{},"tags":[]},{"ancestorTitles":["fixtures: prompt-template schema validity"],"fullName":"fixtures: prompt-template schema validity prompt-templates/conformance-prompt-trust-marker.json validates against prompt-template.schema.json","status":"passed","title":"prompt-templates/conformance-prompt-trust-marker.json validates against prompt-template.schema.json","duration":0.22129200000000537,"failureMessages":[],"meta":{},"tags":[]},{"ancestorTitles":["fixtures: prompt-template schema validity"],"fullName":"fixtures: prompt-template schema validity prompt-templates/conformance-prompt-writer-system.json validates against prompt-template.schema.json","status":"passed","title":"prompt-templates/conformance-prompt-writer-system.json validates against prompt-template.schema.json","duration":0.6671670000000063,"failureMessages":[],"meta":{},"tags":[]},{"ancestorTitles":["fixtures: prompt-template schema validity"],"fullName":"fixtures: prompt-template schema validity prompt-templates/conformance-prompt-writer-user.json validates against prompt-template.schema.json","status":"passed","title":"prompt-templates/conformance-prompt-writer-user.json validates against prompt-template.schema.json","duration":0.22229099999998425,"failureMessages":[],"meta":{},"tags":[]},{"ancestorTitles":["fixtures: prompt-template schema validity"],"fullName":"fixtures: prompt-template schema validity every fixture templateId matches its filename","status":"passed","title":"every fixture templateId matches its filename","duration":0.5429999999999495,"failureMessages":[],"meta":{},"tags":[]},{"ancestorTitles":["fixtures: prompt-template schema validity"],"fullName":"fixtures: prompt-template schema validity every secret-source variable lives in a fixture tagged for the secret-redaction scenario","status":"passed","title":"every secret-source variable lives in a fixture tagged for the secret-redaction scenario","duration":0.26441699999998036,"failureMessages":[],"meta":{},"tags":[]}],"startTime":1788522622601,"endTime":1788522622652.2644,"status":"passed","message":"","name":"/Users/davidtufts/dev/openwop-examples-v2/examples/hosts/v2-reference/node_modules/@openwop/openwop-conformance/src/scenarios/fixtures-valid.test.ts"},{"assertionResults":[{"ancestorTitles":["RFC 0173 §B — approver-enforced (gated on interrupt + refKinds)"],"fullName":"RFC 0173 §B — approver-enforced (gated on interrupt + refKinds) a resolver outside approversList is refused at resolve time","status":"passed","title":"a resolver outside approversList is refused at resolve time","duration":25.009208,"failureMessages":[],"meta":{},"tags":[]}],"startTime":1788522622982,"endTime":1788522623007.0093,"status":"passed","message":"","name":"/Users/davidtufts/dev/openwop-examples-v2/examples/hosts/v2-reference/node_modules/@openwop/openwop-conformance/src/scenarios/v2-approver-enforced.test.ts"},{"assertionResults":[{"ancestorTitles":["v2 assurance-downgrade-audited (RFC 0170 §B.4 — seam-gated)"],"fullName":"v2 assurance-downgrade-audited (RFC 0170 §B.4 — seam-gated) an identity below the lane floor is refused with sender_constraint_missing","status":"passed","title":"an identity below the lane floor is refused with sender_constraint_missing","duration":8.328790999999995,"failureMessages":[],"meta":{},"tags":[]},{"ancestorTitles":["v2 assurance-downgrade-audited (RFC 0170 §B.4 — seam-gated)"],"fullName":"v2 assurance-downgrade-audited (RFC 0170 §B.4 — seam-gated) a resolved identity records the assurance actually used, never a downgraded bearer under a sender-constrained label","status":"passed","title":"a resolved identity records the assurance actually used, never a downgraded bearer under a sender-constrained label","duration":4.590709000000004,"failureMessages":[],"meta":{},"tags":[]}],"startTime":1788522623467,"endTime":1788522623480.5908,"status":"passed","message":"","name":"/Users/davidtufts/dev/openwop-examples-v2/examples/hosts/v2-reference/node_modules/@openwop/openwop-conformance/src/scenarios/v2-assurance-downgrade-audited.test.ts"},{"assertionResults":[{"ancestorTitles":["v2-bundle-v3-signed (RFC 0168 §E)"],"fullName":"v2-bundle-v3-signed (RFC 0168 §E) a signed v3 bundle validates against the closed-root schema; an extra root key is rejected","status":"passed","title":"a signed v3 bundle validates against the closed-root schema; an extra root key is rejected","duration":128.180541,"failureMessages":[],"meta":{},"tags":[]},{"ancestorTitles":["v2-bundle-v3-signed (RFC 0168 §E)"],"fullName":"v2-bundle-v3-signed (RFC 0168 §E) the attestation verifies under the host key, and a flipped witnessSha256 is refused with witness-digest","status":"passed","title":"the attestation verifies under the host key, and a flipped witnessSha256 is refused with witness-digest","duration":2.6170419999999694,"failureMessages":[],"meta":{},"tags":[]},{"ancestorTitles":["v2-bundle-v3-signed (RFC 0168 §E)"],"fullName":"v2-bundle-v3-signed (RFC 0168 §E) an independent claim self-signed under the host key is refused; a distinct verifier key verifies","status":"passed","title":"an independent claim self-signed under the host key is refused; a distinct verifier key verifies","duration":2.044708000000014,"failureMessages":[],"meta":{},"tags":[]}],"startTime":1788522621802,"endTime":1788522621935.0447,"status":"passed","message":"","name":"/Users/davidtufts/dev/openwop-examples-v2/examples/hosts/v2-reference/node_modules/@openwop/openwop-conformance/src/scenarios/v2-bundle-v3-signed.test.ts"},{"assertionResults":[{"ancestorTitles":["v2 capabilities-root-closed (RFC 0169 §A.4, §C.1)"],"fullName":"v2 capabilities-root-closed (RFC 0169 §A.4, §C.1) the host document validates against capabilities.schema.json","status":"passed","title":"the host document validates against capabilities.schema.json","duration":355.259917,"failureMessages":[],"meta":{},"tags":[]},{"ancestorTitles":["v2 capabilities-root-closed (RFC 0169 §A.4, §C.1)"],"fullName":"v2 capabilities-root-closed (RFC 0169 §A.4, §C.1) an unknown root key fails validation","status":"passed","title":"an unknown root key fails validation","duration":0.6465410000000702,"failureMessages":[],"meta":{},"tags":[]},{"ancestorTitles":["v2 capabilities-root-closed (RFC 0169 §A.4, §C.1)"],"fullName":"v2 capabilities-root-closed (RFC 0169 §A.4, §C.1) a dotted mirror key fails validation","status":"passed","title":"a dotted mirror key fails validation","duration":0.29845799999998235,"failureMessages":[],"meta":{},"tags":[]},{"ancestorTitles":["v2 capabilities-root-closed (RFC 0169 §A.4, §C.1)"],"fullName":"v2 capabilities-root-closed (RFC 0169 §A.4, §C.1) the v1 `capabilities` wrapper fails validation","status":"passed","title":"the v1 `capabilities` wrapper fails validation","duration":0.30624999999997726,"failureMessages":[],"meta":{},"tags":[]},{"ancestorTitles":["v2 capabilities-root-closed (RFC 0169 §A.4, §C.1)"],"fullName":"v2 capabilities-root-closed (RFC 0169 §A.4, §C.1) a root `profiles[]` fails validation","status":"passed","title":"a root `profiles[]` fails validation","duration":0.29254100000002836,"failureMessages":[],"meta":{},"tags":[]}],"startTime":1788522621207,"endTime":1788522621564.2925,"status":"passed","message":"","name":"/Users/davidtufts/dev/openwop-examples-v2/examples/hosts/v2-reference/node_modules/@openwop/openwop-conformance/src/scenarios/v2-capabilities-root-closed.test.ts"},{"assertionResults":[{"ancestorTitles":["v2 capability-record-shape (RFC 0169 §A.1–§A.3)"],"fullName":"v2 capability-record-shape (RFC 0169 §A.1–§A.3) every family record carries status, since and witness from the wire-legal sets","status":"passed","title":"every family record carries status, since and witness from the wire-legal sets","duration":8.533500000000004,"failureMessages":[],"meta":{},"tags":[]},{"ancestorTitles":["v2 capability-record-shape (RFC 0169 §A.1–§A.3)"],"fullName":"v2 capability-record-shape (RFC 0169 §A.1–§A.3) `until` is present iff the record is experimental or deprecated","status":"passed","title":"`until` is present iff the record is experimental or deprecated","duration":2.082540999999992,"failureMessages":[],"meta":{},"tags":[]},{"ancestorTitles":["v2 capability-record-shape (RFC 0169 §A.1–§A.3)"],"fullName":"v2 capability-record-shape (RFC 0169 §A.1–§A.3) no advertised record carries an `until` already in the past","status":"passed","title":"no advertised record carries an `until` already in the past","duration":1.9023340000000246,"failureMessages":[],"meta":{},"tags":[]}],"startTime":1788522623665,"endTime":1788522623676.9023,"status":"passed","message":"","name":"/Users/davidtufts/dev/openwop-examples-v2/examples/hosts/v2-reference/node_modules/@openwop/openwop-conformance/src/scenarios/v2-capability-record-shape.test.ts"},{"assertionResults":[{"ancestorTitles":["v2-chain-pin-exact (RFC 0177 §E.1)"],"fullName":"v2-chain-pin-exact (RFC 0177 §E.1) a chain reference carrying a range (core.ai.callPrompt@^1) is refused at register","status":"passed","title":"a chain reference carrying a range (core.ai.callPrompt@^1) is refused at register","duration":10.811040999999989,"failureMessages":[],"meta":{},"tags":[]},{"ancestorTitles":["v2-chain-pin-exact (RFC 0177 §E.1)"],"fullName":"v2-chain-pin-exact (RFC 0177 §E.1) a chain reference pinning an exact version (core.ai.callPrompt@1.0.0) registers","status":"passed","title":"a chain reference pinning an exact version (core.ai.callPrompt@1.0.0) registers","duration":1.6892500000000155,"failureMessages":[],"meta":{},"tags":[]}],"startTime":1788522623549,"endTime":1788522623561.6892,"status":"passed","message":"","name":"/Users/davidtufts/dev/openwop-examples-v2/examples/hosts/v2-reference/node_modules/@openwop/openwop-conformance/src/scenarios/v2-chain-pin-exact.test.ts"},{"assertionResults":[{"ancestorTitles":["v2-coherence-not-in-bundle (RFC 0168 §D.1)"],"fullName":"v2-coherence-not-in-bundle (RFC 0168 §D.1) every corpus-ledger id has a scenario in src/coherence and none in src/scenarios — the two id sets are disjoint by construction","status":"passed","title":"every corpus-ledger id has a scenario in src/coherence and none in src/scenarios — the two id sets are disjoint by construction","duration":7.701499999999982,"failureMessages":[],"meta":{},"tags":[]},{"ancestorTitles":["v2-coherence-not-in-bundle (RFC 0168 §D.1)"],"fullName":"v2-coherence-not-in-bundle (RFC 0168 §D.1) the bundle schema rejects a v3 bundle carrying a corpus-coherence id and accepts one under openwop.requirement.","status":"passed","title":"the bundle schema rejects a v3 bundle carrying a corpus-coherence id and accepts one under openwop.requirement.","duration":112.33041599999999,"failureMessages":[],"meta":{},"tags":[]}],"startTime":1788522621652,"endTime":1788522621772.3303,"status":"passed","message":"","name":"/Users/davidtufts/dev/openwop-examples-v2/examples/hosts/v2-reference/node_modules/@openwop/openwop-conformance/src/scenarios/v2-coherence-not-in-bundle.test.ts"},{"assertionResults":[{"ancestorTitles":["RFC 0173 §B — compensation-read-projection (gated on compensation)"],"fullName":"RFC 0173 §B — compensation-read-projection (gated on compensation) GET /runs/{runId}/compensation on a fresh run validates with status none","status":"passed","title":"GET /runs/{runId}/compensation on a fresh run validates with status none","duration":111.57141699999997,"failureMessages":[],"meta":{},"tags":[]},{"ancestorTitles":["RFC 0173 §B — compensation-read-projection (gated on compensation)"],"fullName":"RFC 0173 §B — compensation-read-projection (gated on compensation) an unknown run projects 404 not_found through the canonical envelope","status":"passed","title":"an unknown run projects 404 not_found through the canonical envelope","duration":3.968167000000051,"failureMessages":[],"meta":{},"tags":[]}],"startTime":1788522622143,"endTime":1788522622258.9683,"status":"passed","message":"","name":"/Users/davidtufts/dev/openwop-examples-v2/examples/hosts/v2-reference/node_modules/@openwop/openwop-conformance/src/scenarios/v2-compensation-read-projection.test.ts"},{"assertionResults":[{"ancestorTitles":["v2 configurable-closed (RFC 0171 §D.1)"],"fullName":"v2 configurable-closed (RFC 0171 §D.1) the standalone schema rejects a dotted key and an unknown root key and accepts the versioned control","status":"passed","title":"the standalone schema rejects a dotted key and an unknown root key and accepts the versioned control","duration":82.90029200000001,"failureMessages":[],"meta":{},"tags":[]},{"ancestorTitles":["v2 configurable-closed (RFC 0171 §D.1)"],"fullName":"v2 configurable-closed (RFC 0171 §D.1) POST /runs rejects a dotted key with 400 validation_error","status":"passed","title":"POST /runs rejects a dotted key with 400 validation_error","duration":25.629832999999962,"failureMessages":[],"meta":{},"tags":[]},{"ancestorTitles":["v2 configurable-closed (RFC 0171 §D.1)"],"fullName":"v2 configurable-closed (RFC 0171 §D.1) POST /runs rejects an unknown root key with 400 validation_error","status":"passed","title":"POST /runs rejects an unknown root key with 400 validation_error","duration":6.57691699999998,"failureMessages":[],"meta":{},"tags":[]}],"startTime":1788522622002,"endTime":1788522622117.577,"status":"passed","message":"","name":"/Users/davidtufts/dev/openwop-examples-v2/examples/hosts/v2-reference/node_modules/@openwop/openwop-conformance/src/scenarios/v2-configurable-closed.test.ts"},{"assertionResults":[{"ancestorTitles":["v2 dual-stack-negotiation (RFC 0172 §A.3–§A.4 — gated on two majors)"],"fullName":"v2 dual-stack-negotiation (RFC 0172 §A.3–§A.4 — gated on two majors) a run created through /v1/runs with no header is readable through /runs under OpenWOP-Version: 2.0","status":"passed","title":"a run created through /v1/runs with no header is readable through /runs under OpenWOP-Version: 2.0","duration":18.501417000000004,"failureMessages":[],"meta":{},"tags":[]},{"ancestorTitles":["v2 dual-stack-negotiation (RFC 0172 §A.3–§A.4 — gated on two majors)"],"fullName":"v2 dual-stack-negotiation (RFC 0172 §A.3–§A.4 — gated on two majors) an unlisted major is 406 protocol_version_unsupported with details.protocolVersions[]","status":"passed","title":"an unlisted major is 406 protocol_version_unsupported with details.protocolVersions[]","duration":2.1648329999999874,"failureMessages":[],"meta":{},"tags":[]},{"ancestorTitles":["v2 dual-stack-negotiation (RFC 0172 §A.3–§A.4 — gated on two majors)"],"fullName":"v2 dual-stack-negotiation (RFC 0172 §A.3–§A.4 — gated on two majors) OpenWOP-Version: 2.0 on a /v1/ path is 400 protocol_version_mismatch","status":"passed","title":"OpenWOP-Version: 2.0 on a /v1/ path is 400 protocol_version_mismatch","duration":8.547084000000012,"failureMessages":[],"meta":{},"tags":[]},{"ancestorTitles":["v2 dual-stack-negotiation (RFC 0172 §A.3–§A.4 — gated on two majors)"],"fullName":"v2 dual-stack-negotiation (RFC 0172 §A.3–§A.4 — gated on two majors) every response reports the contract that produced it","status":"passed","title":"every response reports the contract that produced it","duration":9.369584000000003,"failureMessages":[],"meta":{},"tags":[]}],"startTime":1788522622478,"endTime":1788522622516.3696,"status":"passed","message":"","name":"/Users/davidtufts/dev/openwop-examples-v2/examples/hosts/v2-reference/node_modules/@openwop/openwop-conformance/src/scenarios/v2-dual-stack-negotiation.test.ts"},{"assertionResults":[{"ancestorTitles":["RFC 0173 §B — effect-identity-business-key (gated on idempotency)"],"fullName":"RFC 0173 §B — effect-identity-business-key (gated on idempotency) GET /runs/{runId}/effects validates and every row is keyed on business identity or the activity recipe","status":"passed","title":"GET /runs/{runId}/effects validates and every row is keyed on business identity or the activity recipe","duration":203.82537500000007,"failureMessages":[],"meta":{},"tags":[]},{"ancestorTitles":["RFC 0173 §B — effect-identity-business-key (gated on idempotency)"],"fullName":"RFC 0173 §B — effect-identity-business-key (gated on idempotency) the same provider key is presented across two transport retries","status":"passed","title":"the same provider key is presented across two transport retries","duration":33.59937500000001,"failureMessages":[],"meta":{},"tags":[]}],"startTime":1788522621211,"endTime":1788522621448.5994,"status":"passed","message":"","name":"/Users/davidtufts/dev/openwop-examples-v2/examples/hosts/v2-reference/node_modules/@openwop/openwop-conformance/src/scenarios/v2-effect-identity-business-key.test.ts"},{"assertionResults":[{"ancestorTitles":["RFC 0173 §C.1 — effect-seam-manifest (gated on replay)"],"fullName":"RFC 0173 §C.1 — effect-seam-manifest (gated on replay) GET /host/effect-seams validates and every row is guarded","status":"passed","title":"GET /host/effect-seams validates and every row is guarded","duration":156.14154100000002,"failureMessages":[],"meta":{},"tags":[]},{"ancestorTitles":["RFC 0173 §C.1 — effect-seam-manifest (gated on replay)"],"fullName":"RFC 0173 §C.1 — effect-seam-manifest (gated on replay) the replay facet names the manifest address as the constant /host/effect-seams","status":"passed","title":"the replay facet names the manifest address as the constant /host/effect-seams","duration":2.0484159999999747,"failureMessages":[],"meta":{},"tags":[]},{"ancestorTitles":["RFC 0173 §C.1 — effect-seam-manifest (gated on replay)"],"fullName":"RFC 0173 §C.1 — effect-seam-manifest (gated on replay) driving one seam of each kind observes no re-fire on replay","status":"passed","title":"driving one seam of each kind observes no re-fire on replay","duration":51.85858300000001,"failureMessages":[],"meta":{},"tags":[]}],"startTime":1788522621208,"endTime":1788522621418.8586,"status":"passed","message":"","name":"/Users/davidtufts/dev/openwop-examples-v2/examples/hosts/v2-reference/node_modules/@openwop/openwop-conformance/src/scenarios/v2-effect-seam-manifest.test.ts"},{"assertionResults":[{"ancestorTitles":["v2 enum-growth-rule (RFC 0171 §A.5)"],"fullName":"v2 enum-growth-rule (RFC 0171 §A.5) the envelope accepts a registered-but-unknown-to-this-suite vendor member","status":"passed","title":"the envelope accepts a registered-but-unknown-to-this-suite vendor member","duration":120.97675000000001,"failureMessages":[],"meta":{},"tags":[]},{"ancestorTitles":["v2 enum-growth-rule (RFC 0171 §A.5)"],"fullName":"v2 enum-growth-rule (RFC 0171 §A.5) the reserved prefix and a malformed member are rejected","status":"passed","title":"the reserved prefix and a malformed member are rejected","duration":0.5255829999999833,"failureMessages":[],"meta":{},"tags":[]}],"startTime":1788522622349,"endTime":1788522622470.5256,"status":"passed","message":"","name":"/Users/davidtufts/dev/openwop-examples-v2/examples/hosts/v2-reference/node_modules/@openwop/openwop-conformance/src/scenarios/v2-enum-growth-rule.test.ts"},{"assertionResults":[{"ancestorTitles":["v2-era-2-append-vocabulary (RFC 0176 §A — the writer rule)"],"fullName":"v2-era-2-append-vocabulary (RFC 0176 §A — the writer rule) a host append to an open era-2 run keeps the log in v1 vocabulary, so the whole log still reads","status":"passed","title":"a host append to an open era-2 run keeps the log in v1 vocabulary, so the whole log still reads","duration":22.165624999999977,"failureMessages":[],"meta":{},"tags":[]},{"ancestorTitles":["v2-era-2-append-vocabulary (RFC 0176 §A — the writer rule)"],"fullName":"v2-era-2-append-vocabulary (RFC 0176 §A — the writer rule) the run keeps the era it was created with; an append does not promote it to era 3","status":"passed","title":"the run keeps the era it was created with; an append does not promote it to era 3","duration":10.629750000000001,"failureMessages":[],"meta":{},"tags":[]}],"startTime":1788522622646,"endTime":1788522622679.6296,"status":"passed","message":"","name":"/Users/davidtufts/dev/openwop-examples-v2/examples/hosts/v2-reference/node_modules/@openwop/openwop-conformance/src/scenarios/v2-era-2-append-vocabulary.test.ts"},{"assertionResults":[{"ancestorTitles":["RFC 0176 §A.2 — era-key (unaided)"],"fullName":"RFC 0176 §A.2 — era-key (unaided) a run created now carries eventLogSchemaVersion 3 on its snapshot","status":"passed","title":"a run created now carries eventLogSchemaVersion 3 on its snapshot","duration":16.012417,"failureMessages":[],"meta":{},"tags":[]},{"ancestorTitles":["RFC 0176 §A.2 — era-key (unaided)"],"fullName":"RFC 0176 §A.2 — era-key (unaided) discovery advertises the value the host writes for new runs and nothing else","status":"passed","title":"discovery advertises the value the host writes for new runs and nothing else","duration":5.650583000000012,"failureMessages":[],"meta":{},"tags":[]}],"startTime":1788522622883,"endTime":1788522622904.6506,"status":"passed","message":"","name":"/Users/davidtufts/dev/openwop-examples-v2/examples/hosts/v2-reference/node_modules/@openwop/openwop-conformance/src/scenarios/v2-era-key.test.ts"},{"assertionResults":[{"ancestorTitles":["v2 error-registry (RFC 0171 §B.1–§B.2)"],"fullName":"v2 error-registry (RFC 0171 §B.1–§B.2) an error response is the closed envelope with a registered code at its registered status","status":"passed","title":"an error response is the closed envelope with a registered code at its registered status","duration":112.0555,"failureMessages":[],"meta":{},"tags":[]},{"ancestorTitles":["v2 error-registry (RFC 0171 §B.1–§B.2)"],"fullName":"v2 error-registry (RFC 0171 §B.1–§B.2) retry timing is never spelled inside details","status":"passed","title":"retry timing is never spelled inside details","duration":2.4544589999999857,"failureMessages":[],"meta":{},"tags":[]},{"ancestorTitles":["v2 error-registry (RFC 0171 §B.1–§B.2)"],"fullName":"v2 error-registry (RFC 0171 §B.1–§B.2) a 429 rate_limited response carries Retry-After","status":"passed","title":"a 429 rate_limited response carries Retry-After","duration":14.622624999999971,"failureMessages":[],"meta":{},"tags":[]}],"startTime":1788522622032,"endTime":1788522622161.6226,"status":"passed","message":"","name":"/Users/davidtufts/dev/openwop-examples-v2/examples/hosts/v2-reference/node_modules/@openwop/openwop-conformance/src/scenarios/v2-error-registry.test.ts"},{"assertionResults":[{"ancestorTitles":["v2 event-type-closed (RFC 0171 §A.1, §A.5)"],"fullName":"v2 event-type-closed (RFC 0171 §A.1, §A.5) every emitted type is a registered protocol type or a vendor type under an advertised org","status":"passed","title":"every emitted type is a registered protocol type or a vendor type under an advertised org","duration":15.006665999999996,"failureMessages":[],"meta":{},"tags":[]},{"ancestorTitles":["v2 event-type-closed (RFC 0171 §A.1, §A.5)"],"fullName":"v2 event-type-closed (RFC 0171 §A.1, §A.5) every emitted event validates as a RunEventDoc","status":"passed","title":"every emitted event validates as a RunEventDoc","duration":95.10174999999998,"failureMessages":[],"meta":{},"tags":[]}],"startTime":1788522621793,"endTime":1788522621903.1018,"status":"passed","message":"","name":"/Users/davidtufts/dev/openwop-examples-v2/examples/hosts/v2-reference/node_modules/@openwop/openwop-conformance/src/scenarios/v2-event-type-closed.test.ts"},{"assertionResults":[{"ancestorTitles":["RFC 0176 §A.5 — fork-a-v1-run (seam-gated, replay)"],"fullName":"RFC 0176 §A.5 — fork-a-v1-run (seam-gated, replay) the fork of an era-2 run is accepted and its prefix is byte-equivalent to the translated parent","status":"passed","title":"the fork of an era-2 run is accepted and its prefix is byte-equivalent to the translated parent","duration":20.270665999999977,"failureMessages":[],"meta":{},"tags":[]},{"ancestorTitles":["RFC 0176 §A.5 — fork-a-v1-run (seam-gated, replay)"],"fullName":"RFC 0176 §A.5 — fork-a-v1-run (seam-gated, replay) run.started on the fork carries the legacy Subject where the parent had none","status":"passed","title":"run.started on the fork carries the legacy Subject where the parent had none","duration":13.726584000000003,"failureMessages":[],"meta":{},"tags":[]}],"startTime":1788522622385,"endTime":1788522622419.7266,"status":"passed","message":"","name":"/Users/davidtufts/dev/openwop-examples-v2/examples/hosts/v2-reference/node_modules/@openwop/openwop-conformance/src/scenarios/v2-fork-a-v1-run.test.ts"},{"assertionResults":[{"ancestorTitles":["v2-form-when-reuses-edge-conditions (RFC 0177 §E.4)"],"fullName":"v2-form-when-reuses-edge-conditions (RFC 0177 §E.4) a field `when` is the edge-condition grammar { type, left, right } and no other expression language","status":"passed","title":"a field `when` is the edge-condition grammar { type, left, right } and no other expression language","duration":9.085374999999999,"failureMessages":[],"meta":{},"tags":[]}],"startTime":1788522623134,"endTime":1788522623143.0854,"status":"passed","message":"","name":"/Users/davidtufts/dev/openwop-examples-v2/examples/hosts/v2-reference/node_modules/@openwop/openwop-conformance/src/scenarios/v2-form-when-reuses-edge-conditions.test.ts"},{"assertionResults":[{"ancestorTitles":["v2 header-scheme (RFC 0171 §C.1; RFC 0172 §A.4)"],"fullName":"v2 header-scheme (RFC 0171 §C.1; RFC 0172 §A.4) no removed header family appears on any response","status":"passed","title":"no removed header family appears on any response","duration":14.743374999999986,"failureMessages":[],"meta":{},"tags":[]},{"ancestorTitles":["v2 header-scheme (RFC 0171 §C.1; RFC 0172 §A.4)"],"fullName":"v2 header-scheme (RFC 0171 §C.1; RFC 0172 §A.4) OpenWOP-Version names the contract on every response","status":"passed","title":"OpenWOP-Version names the contract on every response","duration":7.897209000000004,"failureMessages":[],"meta":{},"tags":[]}],"startTime":1788522622771,"endTime":1788522622793.8972,"status":"passed","message":"","name":"/Users/davidtufts/dev/openwop-examples-v2/examples/hosts/v2-reference/node_modules/@openwop/openwop-conformance/src/scenarios/v2-header-scheme.test.ts"},{"assertionResults":[{"ancestorTitles":["v2 id-grammar (RFC 0170 §D.1)"],"fullName":"v2 id-grammar (RFC 0170 §D.1) every id on the run snapshot matches its ids.schema.json kind","status":"passed","title":"every id on the run snapshot matches its ids.schema.json kind","duration":189.60275000000001,"failureMessages":[],"meta":{},"tags":[]},{"ancestorTitles":["v2 id-grammar (RFC 0170 §D.1)"],"fullName":"v2 id-grammar (RFC 0170 §D.1) every id on the run events matches its ids.schema.json kind","status":"passed","title":"every id on the run events matches its ids.schema.json kind","duration":15.154207999999926,"failureMessages":[],"meta":{},"tags":[]},{"ancestorTitles":["v2 id-grammar (RFC 0170 §D.1)"],"fullName":"v2 id-grammar (RFC 0170 §D.1) a run id whose tenant segment is not the caller's is refused","status":"passed","title":"a run id whose tenant segment is not the caller's is refused","duration":3.023584000000028,"failureMessages":[],"meta":{},"tags":[]}],"startTime":1788522621246,"endTime":1788522621454.0237,"status":"passed","message":"","name":"/Users/davidtufts/dev/openwop-examples-v2/examples/hosts/v2-reference/node_modules/@openwop/openwop-conformance/src/scenarios/v2-id-grammar.test.ts"},{"assertionResults":[{"ancestorTitles":["v2 idempotency-key-grammar (RFC 0170 §D.3)"],"fullName":"v2 idempotency-key-grammar (RFC 0170 §D.3) a 22+ character key inside the grammar is accepted","status":"passed","title":"a 22+ character key inside the grammar is accepted","duration":8.155749999999983,"failureMessages":[],"meta":{},"tags":[]},{"ancestorTitles":["v2 idempotency-key-grammar (RFC 0170 §D.3)"],"fullName":"v2 idempotency-key-grammar (RFC 0170 §D.3) a key outside the grammar is refused with 400 idempotency_key_invalid","status":"passed","title":"a key outside the grammar is refused with 400 idempotency_key_invalid","duration":2.653084000000007,"failureMessages":[],"meta":{},"tags":[]}],"startTime":1788522623172,"endTime":1788522623183.653,"status":"passed","message":"","name":"/Users/davidtufts/dev/openwop-examples-v2/examples/hosts/v2-reference/node_modules/@openwop/openwop-conformance/src/scenarios/v2-idempotency-key-grammar.test.ts"},{"assertionResults":[{"ancestorTitles":["v2 interrupt-token-scheme (RFC 0170 §E.1)"],"fullName":"v2 interrupt-token-scheme (RFC 0170 §E.1) a token without the ow2. prefix is refused","status":"passed","title":"a token without the ow2. prefix is refused","duration":7.3245000000000005,"failureMessages":[],"meta":{},"tags":[]},{"ancestorTitles":["v2 interrupt-token-scheme (RFC 0170 §E.1)"],"fullName":"v2 interrupt-token-scheme (RFC 0170 §E.1) a well-formed token under a kid the host does not hold is 401 interrupt_token_invalid","status":"passed","title":"a well-formed token under a kid the host does not hold is 401 interrupt_token_invalid","duration":5.985291999999987,"failureMessages":[],"meta":{},"tags":[]}],"startTime":1788522623440,"endTime":1788522623453.9854,"status":"passed","message":"","name":"/Users/davidtufts/dev/openwop-examples-v2/examples/hosts/v2-reference/node_modules/@openwop/openwop-conformance/src/scenarios/v2-interrupt-token-scheme.test.ts"},{"assertionResults":[{"ancestorTitles":["v2 lane-issuer-advertised (RFC 0170 §B.2–§B.4)"],"fullName":"v2 lane-issuer-advertised (RFC 0170 §B.2–§B.4) every auth.lanes[] member names lane, issuers[], revocation and minimumAssurance","status":"passed","title":"every auth.lanes[] member names lane, issuers[], revocation and minimumAssurance","duration":6.679750000000013,"failureMessages":[],"meta":{},"tags":[]},{"ancestorTitles":["v2 lane-issuer-advertised (RFC 0170 §B.2–§B.4)"],"fullName":"v2 lane-issuer-advertised (RFC 0170 §B.2–§B.4) a windowed revocation rule advertises revocationWindowSeconds","status":"passed","title":"a windowed revocation rule advertises revocationWindowSeconds","duration":6.560333999999983,"failureMessages":[],"meta":{},"tags":[]}],"startTime":1788522623677,"endTime":1788522623689.5603,"status":"passed","message":"","name":"/Users/davidtufts/dev/openwop-examples-v2/examples/hosts/v2-reference/node_modules/@openwop/openwop-conformance/src/scenarios/v2-lane-issuer-advertised.test.ts"},{"assertionResults":[{"ancestorTitles":["RFC 0175 §C.1 — legacy-profiles-absent (unaided)"],"fullName":"RFC 0175 §C.1 — legacy-profiles-absent (unaided) no -legacy id appears in a2a.profiles or mcp.profiles and each id matches its facet pattern","status":"passed","title":"no -legacy id appears in a2a.profiles or mcp.profiles and each id matches its facet pattern","duration":12.192166000000014,"failureMessages":[],"meta":{},"tags":[]},{"ancestorTitles":["RFC 0175 §C.1 — legacy-profiles-absent (unaided)"],"fullName":"RFC 0175 §C.1 — legacy-profiles-absent (unaided) no root profiles[] exists in the v2 representation","status":"passed","title":"no root profiles[] exists in the v2 representation","duration":0.673374999999993,"failureMessages":[],"meta":{},"tags":[]}],"startTime":1788522623796,"endTime":1788522623808.6733,"status":"passed","message":"","name":"/Users/davidtufts/dev/openwop-examples-v2/examples/hosts/v2-reference/node_modules/@openwop/openwop-conformance/src/scenarios/v2-legacy-profiles-absent.test.ts"},{"assertionResults":[{"ancestorTitles":["v2-manifest-ceiling-refused (RFC 0177 §A.1)"],"fullName":"v2-manifest-ceiling-refused (RFC 0177 §A.1) an engines.openwop range with no upper bound (>=1.0.0) reads <2.0.0 and is refused at install with pack_engine_unsupported","status":"passed","title":"an engines.openwop range with no upper bound (>=1.0.0) reads <2.0.0 and is refused at install with pack_engine_unsupported","duration":9.768790999999993,"failureMessages":[],"meta":{},"tags":[]},{"ancestorTitles":["v2-manifest-ceiling-refused (RFC 0177 §A.1)"],"fullName":"v2-manifest-ceiling-refused (RFC 0177 §A.1) a v1 ceiling (>=1.0.0 <2.0.0) is refused at install with pack_engine_unsupported","status":"passed","title":"a v1 ceiling (>=1.0.0 <2.0.0) is refused at install with pack_engine_unsupported","duration":4.888790999999998,"failureMessages":[],"meta":{},"tags":[]},{"ancestorTitles":["v2-manifest-ceiling-refused (RFC 0177 §A.1)"],"fullName":"v2-manifest-ceiling-refused (RFC 0177 §A.1) a range admitting the host major (>=2.0.0 <3.0.0) installs","status":"passed","title":"a range admitting the host major (>=2.0.0 <3.0.0) installs","duration":5.348332999999997,"failureMessages":[],"meta":{},"tags":[]}],"startTime":1788522622866,"endTime":1788522622886.3484,"status":"passed","message":"","name":"/Users/davidtufts/dev/openwop-examples-v2/examples/hosts/v2-reference/node_modules/@openwop/openwop-conformance/src/scenarios/v2-manifest-ceiling-refused.test.ts"},{"assertionResults":[{"ancestorTitles":["v2-manifest-hatch-carried (RFC 0177 §C.2)"],"fullName":"v2-manifest-hatch-carried (RFC 0177 §C.2) an x- field inside agents[0] of a node pack is ignored, not rejected — the pack installs","status":"passed","title":"an x- field inside agents[0] of a node pack is ignored, not rejected — the pack installs","duration":11.435125,"failureMessages":[],"meta":{},"tags":[]},{"ancestorTitles":["v2-manifest-hatch-carried (RFC 0177 §C.2)"],"fullName":"v2-manifest-hatch-carried (RFC 0177 §C.2) an x- field inside a prompt template of a prompt pack is ignored, not rejected — the pack installs","status":"passed","title":"an x- field inside a prompt template of a prompt pack is ignored, not rejected — the pack installs","duration":5.912374999999997,"failureMessages":[],"meta":{},"tags":[]}],"startTime":1788522623366,"endTime":1788522623382.9124,"status":"passed","message":"","name":"/Users/davidtufts/dev/openwop-examples-v2/examples/hosts/v2-reference/node_modules/@openwop/openwop-conformance/src/scenarios/v2-manifest-hatch-carried.test.ts"},{"assertionResults":[{"ancestorTitles":["v2 min-client-version (RFC 0172 §A.5 — gated on minClientVersion)"],"fullName":"v2 min-client-version (RFC 0172 §A.5 — gated on minClientVersion) a client below minClientVersion is refused with 426 client_version_unsupported","status":"passed","title":"a client below minClientVersion is refused with 426 client_version_unsupported","duration":107.37525,"failureMessages":[],"meta":{},"tags":[]}],"startTime":1788522622189,"endTime":1788522622296.3752,"status":"passed","message":"","name":"/Users/davidtufts/dev/openwop-examples-v2/examples/hosts/v2-reference/node_modules/@openwop/openwop-conformance/src/scenarios/v2-min-client-version.test.ts"},{"assertionResults":[{"ancestorTitles":["RFC 0175 §D.2 — minimum-version-refused (gated on a2a/mcp + seams)"],"fullName":"RFC 0175 §D.2 — minimum-version-refused (gated on a2a/mcp + seams) an A2A peer offering only a version below minimumVersion is refused","status":"passed","title":"an A2A peer offering only a version below minimumVersion is refused","duration":9.439375000000013,"failureMessages":[],"meta":{},"tags":[]},{"ancestorTitles":["RFC 0175 §D.2 — minimum-version-refused (gated on a2a/mcp + seams)"],"fullName":"RFC 0175 §D.2 — minimum-version-refused (gated on a2a/mcp + seams) an MCP server offering only a revision below minimumRevision is refused","status":"passed","title":"an MCP server offering only a revision below minimumRevision is refused","duration":0.4333750000000123,"failureMessages":[],"meta":{},"tags":[]}],"startTime":1788522623810,"endTime":1788522623819.4395,"status":"passed","message":"","name":"/Users/davidtufts/dev/openwop-examples-v2/examples/hosts/v2-reference/node_modules/@openwop/openwop-conformance/src/scenarios/v2-minimum-version-refused.test.ts"},{"assertionResults":[{"ancestorTitles":["RFC 0175 §E.1 — mrtr-rounds-ceiling (gated on mcp + mrtr)"],"fullName":"RFC 0175 §E.1 — mrtr-rounds-ceiling (gated on mcp + mrtr) mcp.mrtr.maxRounds is an integer ceiling in 1..16","status":"passed","title":"mcp.mrtr.maxRounds is an integer ceiling in 1..16","duration":9.047459000000003,"failureMessages":[],"meta":{},"tags":[]},{"ancestorTitles":["RFC 0175 §E.1 — mrtr-rounds-ceiling (gated on mcp + mrtr)"],"fullName":"RFC 0175 §E.1 — mrtr-rounds-ceiling (gated on mcp + mrtr) round maxRounds + 1 is refused with mcp_mrtr_rounds_exceeded","status":"passed","title":"round maxRounds + 1 is refused with mcp_mrtr_rounds_exceeded","duration":0.52320899999998,"failureMessages":[],"meta":{},"tags":[]}],"startTime":1788522623777,"endTime":1788522623786.5232,"status":"passed","message":"","name":"/Users/davidtufts/dev/openwop-examples-v2/examples/hosts/v2-reference/node_modules/@openwop/openwop-conformance/src/scenarios/v2-mrtr-rounds-ceiling.test.ts"},{"assertionResults":[{"ancestorTitles":["RFC 0175 §D.1 — negotiation-authenticated (gated on a2a/mcp + seams)"],"fullName":"RFC 0175 §D.1 — negotiation-authenticated (gated on a2a/mcp + seams) an unauthenticated A2A exchange cannot lower the version below preferredVersion","status":"passed","title":"an unauthenti
[...]
isolation (gated on packs + sandbox)"],"fullName":"RFC 0173 §B — pack-isolation (gated on packs + sandbox) node-pack-sandbox-no-env: the host environment does not leak","status":"passed","title":"node-pack-sandbox-no-env: the host environment does not leak","duration":0.9017499999999927,"failureMessages":[],"meta":{},"tags":[]},{"ancestorTitles":["RFC 0173 §B — pack-isolation (gated on packs + sandbox)"],"fullName":"RFC 0173 §B — pack-isolation (gated on packs + sandbox) node-pack-sandbox-network-gated: ungated network egress is refused","status":"passed","title":"node-pack-sandbox-network-gated: ungated network egress is refused","duration":4.707458000000003,"failureMessages":[],"meta":{},"tags":[]},{"ancestorTitles":["RFC 0173 §B — pack-isolation (gated on packs + sandbox)"],"fullName":"RFC 0173 §B — pack-isolation (gated on packs + sandbox) node-pack-sandbox-no-process: host process access is refused","status":"passed","title":"node-pack-sandbox-no-process: host process access is refused","duration":1.1525419999999826,"failureMessages":[],"meta":{},"tags":[]},{"ancestorTitles":["RFC 0173 §B — pack-isolation (gated on packs + sandbox)"],"fullName":"RFC 0173 §B — pack-isolation (gated on packs + sandbox) node-pack-sandbox-timeout: exceeding wallClockLimitMs fails with sandbox_timeout","status":"passed","title":"node-pack-sandbox-timeout: exceeding wallClockLimitMs fails with sandbox_timeout","duration":1.3643340000000137,"failureMessages":[],"meta":{},"tags":[]},{"ancestorTitles":["RFC 0173 §B — pack-isolation (gated on packs + sandbox)"],"fullName":"RFC 0173 §B — pack-isolation (gated on packs + sandbox) node-pack-sandbox-memory-cap: exceeding memoryLimitBytes fails with sandbox_memory_exceeded","status":"passed","title":"node-pack-sandbox-memory-cap: exceeding memoryLimitBytes fails with sandbox_memory_exceeded","duration":1.054124999999999,"failureMessages":[],"meta":{},"tags":[]},{"ancestorTitles":["RFC 0173 §B — pack-isolation (gated on packs + sandbox)"],"fullName":"RFC 0173 §B — pack-isolation (gated on packs + sandbox) node-pack-sandbox-isolated-context: a pack cannot mutate state another invocation sees","status":"passed","title":"node-pack-sandbox-isolated-context: a pack cannot mutate state another invocation sees","duration":4.3628750000000025,"failureMessages":[],"meta":{},"tags":[]}],"startTime":1788522623235,"endTime":1788522623261.3628,"status":"passed","message":"","name":"/Users/davidtufts/dev/openwop-examples-v2/examples/hosts/v2-reference/node_modules/@openwop/openwop-conformance/src/scenarios/v2-pack-isolation.test.ts"},{"assertionResults":[{"ancestorTitles":["v2 payload-registry-closed (RFC 0171 §A.4)"],"fullName":"v2 payload-registry-closed (RFC 0171 §A.4) every registered event carries a payload that validates against its _typeIndex entry","status":"passed","title":"every registered event carries a payload that validates against its _typeIndex entry","duration":121.64070799999999,"failureMessages":[],"meta":{},"tags":[]}],"startTime":1788522621660,"endTime":1788522621781.6406,"status":"passed","message":"","name":"/Users/davidtufts/dev/openwop-examples-v2/examples/hosts/v2-reference/node_modules/@openwop/openwop-conformance/src/scenarios/v2-payload-registry-closed.test.ts"},{"assertionResults":[{"ancestorTitles":["v2-peer-dependency-declared (RFC 0177 §B.1/§B.2)"],"fullName":"v2-peer-dependency-declared (RFC 0177 §B.1/§B.2) a peerDependencies key the declaration file does not name is refused with pack_peer_dependency_undefined","status":"passed","title":"a peerDependencies key the declaration file does not name is refused with pack_peer_dependency_undefined","duration":8.07412500000001,"failureMessages":[],"meta":{},"tags":[]},{"ancestorTitles":["v2-peer-dependency-declared (RFC 0177 §B.1/§B.2)"],"fullName":"v2-peer-dependency-declared (RFC 0177 §B.1/§B.2) an alias-table row (host.fs → fs) resolves through the overlap and the pack installs","status":"passed","title":"an alias-table row (host.fs → fs) resolves through the overlap and the pack installs","duration":5.930041000000017,"failureMessages":[],"meta":{},"tags":[]}],"startTime":1788522622946,"endTime":1788522622959.93,"status":"passed","message":"","name":"/Users/davidtufts/dev/openwop-examples-v2/examples/hosts/v2-reference/node_modules/@openwop/openwop-conformance/src/scenarios/v2-peer-dependency-declared.test.ts"},{"assertionResults":[{"ancestorTitles":["RFC 0176 §B.1 — pinned-run-disposition (seam-gated)"],"fullName":"RFC 0176 §B.1 — pinned-run-disposition (seam-gated) a pin naming a change id the host does not implement is cancelled with v1_pin_unsupported / v2-cutover","status":"passed","title":"a pin naming a change id the host does not implement is cancelled with v1_pin_unsupported / v2-cutover","duration":27.733249999999998,"failureMessages":[],"meta":{},"tags":[]},{"ancestorTitles":["RFC 0176 §B.1 — pinned-run-disposition (seam-gated)"],"fullName":"RFC 0176 §B.1 — pinned-run-disposition (seam-gated) a pin naming a change id the host still implements continues under the reader rule with the pin verbatim","status":"passed","title":"a pin naming a change id the host still implements continues under the reader rule with the pin verbatim","duration":10218.669416,"failureMessages":[],"meta":{},"tags":[]}],"startTime":1788522621267,"endTime":1788522631513.6694,"status":"passed","message":"","name":"/Users/davidtufts/dev/openwop-examples-v2/examples/hosts/v2-reference/node_modules/@openwop/openwop-conformance/src/scenarios/v2-pinned-run-disposition.test.ts"},{"assertionResults":[{"ancestorTitles":["v2 poll-cursor-v2 (RFC 0171 §E.2)"],"fullName":"v2 poll-cursor-v2 (RFC 0171 §E.2) the response is the closed { runId, events, lastSequence, status, isTerminal }","status":"passed","title":"the response is the closed { runId, events, lastSequence, status, isTerminal }","duration":15.824999999999989,"failureMessages":[],"meta":{},"tags":[]},{"ancestorTitles":["v2 poll-cursor-v2 (RFC 0171 §E.2)"],"fullName":"v2 poll-cursor-v2 (RFC 0171 §E.2) omitting the cursor returns from the first event (sequence 0)","status":"passed","title":"omitting the cursor returns from the first event (sequence 0)","duration":8.740624999999994,"failureMessages":[],"meta":{},"tags":[]},{"ancestorTitles":["v2 poll-cursor-v2 (RFC 0171 §E.2)"],"fullName":"v2 poll-cursor-v2 (RFC 0171 §E.2) afterSequence=N returns only events with sequence > N","status":"passed","title":"afterSequence=N returns only events with sequence > N","duration":11.749832999999995,"failureMessages":[],"meta":{},"tags":[]},{"ancestorTitles":["v2 poll-cursor-v2 (RFC 0171 §E.2)"],"fullName":"v2 poll-cursor-v2 (RFC 0171 §E.2) a cursor past the end of the log returns 200 with an empty events array","status":"passed","title":"a cursor past the end of the log returns 200 with an empty events array","duration":8.250500000000017,"failureMessages":[],"meta":{},"tags":[]}],"startTime":1788522622692,"endTime":1788522622737.2505,"status":"passed","message":"","name":"/Users/davidtufts/dev/openwop-examples-v2/examples/hosts/v2-reference/node_modules/@openwop/openwop-conformance/src/scenarios/v2-poll-cursor-v2.test.ts"},{"assertionResults":[{"ancestorTitles":["v2 preferred-version-default (RFC 0172 §A.1, §A.3)"],"fullName":"v2 preferred-version-default (RFC 0172 §A.1, §A.3) preferredVersion is a member of protocolVersions[]","status":"passed","title":"preferredVersion is a member of protocolVersions[]","duration":5.672415999999998,"failureMessages":[],"meta":{},"tags":[]},{"ancestorTitles":["v2 preferred-version-default (RFC 0172 §A.1, §A.3)"],"fullName":"v2 preferred-version-default (RFC 0172 §A.1, §A.3) a header-less GET /.well-known/openwop is the preferredVersion representation","status":"passed","title":"a header-less GET /.well-known/openwop is the preferredVersion representation","duration":2.1943330000000003,"failureMessages":[],"meta":{},"tags":[]},{"ancestorTitles":["v2 preferred-version-default (RFC 0172 §A.1, §A.3)"],"fullName":"v2 preferred-version-default (RFC 0172 §A.1, §A.3) through the overlap preferredVersion names a 1.x member","status":"passed","title":"through the overlap preferredVersion names a 1.x member","duration":0.2667500000000018,"failureMessages":[],"meta":{},"tags":[]}],"startTime":1788522623872,"endTime":1788522623880.2668,"status":"passed","message":"","name":"/Users/davidtufts/dev/openwop-examples-v2/examples/hosts/v2-reference/node_modules/@openwop/openwop-conformance/src/scenarios/v2-preferred-version-default.test.ts"},{"assertionResults":[{"ancestorTitles":["v2 profiles-derived-only (RFC 0169 §C.1, §C.3)"],"fullName":"v2 profiles-derived-only (RFC 0169 §C.1, §C.3) the v2 document carries no root `profiles[]`","status":"passed","title":"the v2 document carries no root `profiles[]`","duration":2.8380420000000015,"failureMessages":[],"meta":{},"tags":[]},{"ancestorTitles":["v2 profiles-derived-only (RFC 0169 §C.1, §C.3)"],"fullName":"v2 profiles-derived-only (RFC 0169 §C.1, §C.3) every registry profile is derivable from the document; the discovery-core predicate holds on a valid document","status":"passed","title":"every registry profile is derivable from the document; the discovery-core predicate holds on a valid document","duration":0.7866659999999968,"failureMessages":[],"meta":{},"tags":[]}],"startTime":1788522623940,"endTime":1788522623943.7866,"status":"passed","message":"","name":"/Users/davidtufts/dev/openwop-examples-v2/examples/hosts/v2-reference/node_modules/@openwop/openwop-conformance/src/scenarios/v2-profiles-derived-only.test.ts"},{"assertionResults":[{"ancestorTitles":["v2-provider-conflict (RFC 0177 §D.1)"],"fullName":"v2-provider-conflict (RFC 0177 §D.1) two definitions of one bare provider id fail closed: the later registration is refused with connection_provider_conflict","status":"passed","title":"two definitions of one bare provider id fail closed: the later registration is refused with connection_provider_conflict","duration":9.640792000000005,"failureMessages":[],"meta":{},"tags":[]},{"ancestorTitles":["v2-provider-conflict (RFC 0177 §D.1)"],"fullName":"v2-provider-conflict (RFC 0177 §D.1) the qualified form <packName>#github resolves to the named pack's definition","status":"passed","title":"the qualified form <packName>#github resolves to the named pack's definition","duration":1.1729579999999942,"failureMessages":[],"meta":{},"tags":[]}],"startTime":1788522623582,"endTime":1788522623592.1729,"status":"passed","message":"","name":"/Users/davidtufts/dev/openwop-examples-v2/examples/hosts/v2-reference/node_modules/@openwop/openwop-conformance/src/scenarios/v2-provider-conflict.test.ts"},{"assertionResults":[{"ancestorTitles":["RFC 0175 §D.4 — refresh-sla (unaided; gated on a2a or mcp)"],"fullName":"RFC 0175 §D.4 — refresh-sla (unaided; gated on a2a or mcp) refreshedAt on each embedded-protocol facet is within 90 days of now","status":"passed","title":"refreshedAt on each embedded-protocol facet is within 90 days of now","duration":8.645667000000003,"failureMessages":[],"meta":{},"tags":[]}],"startTime":1788522623864,"endTime":1788522623872.6458,"status":"passed","message":"","name":"/Users/davidtufts/dev/openwop-examples-v2/examples/hosts/v2-reference/node_modules/@openwop/openwop-conformance/src/scenarios/v2-refresh-sla.test.ts"},{"assertionResults":[{"ancestorTitles":["RFC 0173 §A.2 — relaxation-recorded (unaided, fixture bundle)"],"fullName":"RFC 0173 §A.2 — relaxation-recorded (unaided, fixture bundle) a bundle recording a relaxation cannot certify the relaxed profile","status":"passed","title":"a bundle recording a relaxation cannot certify the relaxed profile","duration":11.614333000000016,"failureMessages":[],"meta":{},"tags":[]},{"ancestorTitles":["RFC 0173 §A.2 — relaxation-recorded (unaided, fixture bundle)"],"fullName":"RFC 0173 §A.2 — relaxation-recorded (unaided, fixture bundle) durability is a closed set: session | deployment | persisted","status":"passed","title":"durability is a closed set: session | deployment | persisted","duration":120.930125,"failureMessages":[],"meta":{},"tags":[]}],"startTime":1788522621683,"endTime":1788522621815.9302,"status":"passed","message":"","name":"/Users/davidtufts/dev/openwop-examples-v2/examples/hosts/v2-reference/node_modules/@openwop/openwop-conformance/src/scenarios/v2-relaxation-recorded.test.ts"},{"assertionResults":[{"ancestorTitles":["v2 revocation-honored (RFC 0170 §B.3 — seam-gated)"],"fullName":"v2 revocation-honored (RFC 0170 §B.3 — seam-gated) a revoked next-request credential is refused on the next request with credential_revoked","status":"passed","title":"a revoked next-request credential is refused on the next request with credential_revoked","duration":32.324332999999996,"failureMessages":[],"meta":{},"tags":[]}],"startTime":1788522622730,"endTime":1788522622762.3242,"status":"passed","message":"","name":"/Users/davidtufts/dev/openwop-examples-v2/examples/hosts/v2-reference/node_modules/@openwop/openwop-conformance/src/scenarios/v2-revocation-honored.test.ts"},{"assertionResults":[{"ancestorTitles":["v2 subject-link-record (RFC 0170 §C.1 — seam-gated)"],"fullName":"v2 subject-link-record (RFC 0170 §C.1 — seam-gated) the link formed across SCIM and SAML is a closed SubjectLink record","status":"passed","title":"the link formed across SCIM and SAML is a closed SubjectLink record","duration":9.558290999999997,"failureMessages":[],"meta":{},"tags":[]},{"ancestorTitles":["v2 subject-link-record (RFC 0170 §C.1 — seam-gated)"],"fullName":"v2 subject-link-record (RFC 0170 §C.1 — seam-gated) deactivation sets deniedAt and the SAML decision path consults it","status":"passed","title":"deactivation sets deniedAt and the SAML decision path consults it","duration":0.49091699999999605,"failureMessages":[],"meta":{},"tags":[]}],"startTime":1788522623224,"endTime":1788522623233.5583,"status":"passed","message":"","name":"/Users/davidtufts/dev/openwop-examples-v2/examples/hosts/v2-reference/node_modules/@openwop/openwop-conformance/src/scenarios/v2-subject-link-record.test.ts"},{"assertionResults":[{"ancestorTitles":["RFC 0176 §A.3 — unmapped-type-refused (seam-gated)"],"fullName":"RFC 0176 §A.3 — unmapped-type-refused (seam-gated) poll over a log with an unmapped, unprefixed type fails with 500 event_type_unmapped","status":"passed","title":"poll over a log with an unmapped, unprefixed type fails with 500 event_type_unmapped","duration":14.403500000000008,"failureMessages":[],"meta":{},"tags":[]},{"ancestorTitles":["RFC 0176 §A.3 — unmapped-type-refused (seam-gated)"],"fullName":"RFC 0176 §A.3 — unmapped-type-refused (seam-gated) a fork of the same log is refused for the same reason — the rule binds every reader","status":"passed","title":"a fork of the same log is refused for the same reason — the rule binds every reader","duration":9.039292000000017,"failureMessages":[],"meta":{},"tags":[]}],"startTime":1788522623004,"endTime":1788522623027.0393,"status":"passed","message":"","name":"/Users/davidtufts/dev/openwop-examples-v2/examples/hosts/v2-reference/node_modules/@openwop/openwop-conformance/src/scenarios/v2-unmapped-type-refused.test.ts"},{"assertionResults":[{"ancestorTitles":["RFC 0176 §A.3 — v1-events-translated (seam-gated)"],"fullName":"RFC 0176 §A.3 — v1-events-translated (seam-gated) poll reads an era-2 log with v2 type names and sequence 0 present","status":"passed","title":"poll reads an era-2 log with v2 type names and sequence 0 present","duration":16.268917000000016,"failureMessages":[],"meta":{},"tags":[]},{"ancestorTitles":["RFC 0176 §A.3 — v1-events-translated (seam-gated)"],"fullName":"RFC 0176 §A.3 — v1-events-translated (seam-gated) SSE reads the same era-2 log with v2 type names","status":"passed","title":"SSE reads the same era-2 log with v2 type names","duration":5.824000000000012,"failureMessages":[],"meta":{},"tags":[]},{"ancestorTitles":["RFC 0176 §A.3 — v1-events-translated (seam-gated)"],"fullName":"RFC 0176 §A.3 — v1-events-translated (seam-gated) a fork of the era-2 run reads its inherited prefix with v2 type names","status":"passed","title":"a fork of the era-2 run reads its inherited prefix with v2 type names","duration":10.566041000000013,"failureMessages":[],"meta":{},"tags":[]}],"startTime":1788522622514,"endTime":1788522622546.5662,"status":"passed","message":"","name":"/Users/davidtufts/dev/openwop-examples-v2/examples/hosts/v2-reference/node_modules/@openwop/openwop-conformance/src/scenarios/v2-v1-events-translated.test.ts"},{"assertionResults":[{"ancestorTitles":["RFC 0176 §D.2 — v1-signed-webhook-accepted (gated on webhooks + seams)"],"fullName":"RFC 0176 §D.2 — v1-signed-webhook-accepted (gated on webhooks + seams) the webhooks facet lists scheme \"v1\" — the scheme a v1-signed delivery is verified under","status":"passed","title":"the webhooks facet lists scheme \"v1\" — the scheme a v1-signed delivery is verified under","duration":4.7056659999999795,"failureMessages":[],"meta":{},"tags":[]},{"ancestorTitles":["RFC 0176 §D.2 — v1-signed-webhook-accepted (gated on webhooks + seams)"],"fullName":"RFC 0176 §D.2 — v1-signed-webhook-accepted (gated on webhooks + seams) the host's v2 receiver path accepts an X-openwop-*-only scheme-v1 delivery and refuses a tampered one","status":"passed","title":"the host's v2 receiver path accepts an X-openwop-*-only scheme-v1 delivery and refuses a tampered one","duration":9.850540999999993,"failureMessages":[],"meta":{},"tags":[]}],"startTime":1788522623096,"endTime":1788522623110.8506,"status":"passed","message":"","name":"/Users/davidtufts/dev/openwop-examples-v2/examples/hosts/v2-reference/node_modules/@openwop/openwop-conformance/src/scenarios/v2-v1-signed-webhook-accepted.test.ts"},{"assertionResults":[{"ancestorTitles":["RFC 0173 §B — webhook-durable-delivery (gated on webhooks)"],"fullName":"RFC 0173 §B — webhook-durable-delivery (gated on webhooks) a failed attempt is retried and the event is delivered at least once","status":"passed","title":"a failed attempt is retried and the event is delivered at least once","duration":1842.3923750000001,"failureMessages":[],"meta":{},"tags":[]},{"ancestorTitles":["RFC 0173 §B — webhook-durable-delivery (gated on webhooks)"],"fullName":"RFC 0173 §B — webhook-durable-delivery (gated on webhooks) an exhausted delivery is dead-lettered, never dropped","status":"passed","title":"an exhausted delivery is dead-lettered, never dropped","duration":768.927792,"failureMessages":[],"meta":{},"tags":[]}],"startTime":1788522621244,"endTime":1788522623854.9277,"status":"passed","message":"","name":"/Users/davidtufts/dev/openwop-examples-v2/examples/hosts/v2-reference/node_modules/@openwop/openwop-conformance/src/scenarios/v2-webhook-durable-delivery.test.ts"},{"assertionResults":[{"ancestorTitles":["RFC 0176 §C — well-known-one-resource (gated on two majors)"],"fullName":"RFC 0176 §C — well-known-one-resource (gated on two majors) a header-less GET and an OpenWOP-Version: 2.0 GET are two representations of one path with equal protocolVersions[]","status":"passed","title":"a header-less GET and an OpenWOP-Version: 2.0 GET are two representations of one path with equal protocolVersions[]","duration":10.304750000000013,"failureMessages":[],"meta":{},"tags":[]},{"ancestorTitles":["RFC 0176 §C — well-known-one-resource (gated on two majors)"],"fullName":"RFC 0176 §C — well-known-one-resource (gated on two majors) the v2 representation carries no `capabilities` wrapper, no dotted `host.*` key, no `profiles[]`, no Capabilities-Etag","status":"passed","title":"the v2 representation carries no `capabilities` wrapper, no dotted `host.*` key, no `profiles[]`, no Capabilities-Etag","duration":3.9229589999999916,"failureMessages":[],"meta":{},"tags":[]}],"startTime":1788522623337,"endTime":1788522623351.9229,"status":"passed","message":"","name":"/Users/davidtufts/dev/openwop-examples-v2/examples/hosts/v2-reference/node_modules/@openwop/openwop-conformance/src/scenarios/v2-well-known-one-resource.test.ts"}]}